{"meta": {"format": 3, "version": "7.13.5", "timestamp": "2026-03-18T13:09:38.425621", "branch_coverage": false, "show_contexts": false}, "files": {"src/vibe3/__init__.py": {"executed_lines": [], "summary": {"covered_lines": 0, "num_statements": 0, "percent_covered": 100.0, "percent_covered_display": "100", "missing_lines": 0, "excluded_lines": 0, "percent_statements_covered": 100.0, "percent_statements_covered_display": "100"}, "missing_lines": [], "excluded_lines": [], "functions": {"": {"executed_lines": [], "summary": {"covered_lines": 0, "num_statements": 0, "percent_covered": 100.0, "percent_covered_display": "100", "missing_lines": 0, "excluded_lines": 0, "percent_statements_covered": 100.0, "percent_statements_covered_display": "100"}, "missing_lines": [], "excluded_lines": [], "start_line": 1}}, "classes": {"": {"executed_lines": [], "summary": {"covered_lines": 0, "num_statements": 0, "percent_covered": 100.0, "percent_covered_display": "100", "missing_lines": 0, "excluded_lines": 0, "percent_statements_covered": 100.0, "percent_statements_covered_display": "100"}, "missing_lines": [], "excluded_lines": [], "start_line": 1}}}, "src/vibe3/cli.py": {"executed_lines": [], "summary": {"covered_lines": 0, "num_statements": 55, "percent_covered": 0.0, "percent_covered_display": "0", "missing_lines": 55, "excluded_lines": 0, "percent_statements_covered": 0.0, "percent_statements_covered_display": "0"}, "missing_lines": [7, 8, 10, 11, 12, 13, 15, 16, 17, 21, 22, 23, 24, 25, 28, 31, 40, 41, 42, 43, 44, 45, 48, 49, 63, 66, 67, 69, 72, 73, 83, 86, 88, 90, 93, 96, 99, 101, 102, 104, 106, 107, 108, 109, 111, 113, 114, 116, 117, 118, 120, 122, 123, 126, 127], "excluded_lines": [], "functions": {"_NoBorderPanel.__init__": {"executed_lines": [], "summary": {"covered_lines": 0, "num_statements": 3, "percent_covered": 0.0, "percent_covered_display": "0", "missing_lines": 3, "excluded_lines": 0, "percent_statements_covered": 0.0, "percent_statements_covered_display": "0"}, "missing_lines": [23, 24, 25], "excluded_lines": [], "start_line": 22}, "main_callback": {"executed_lines": [], "summary": {"covered_lines": 0, "num_statements": 1, "percent_covered": 0.0, "percent_covered_display": "0", "missing_lines": 1, "excluded_lines": 0, "percent_statements_covered": 0.0, "percent_statements_covered_display": "0"}, "missing_lines": [63], "excluded_lines": [], "start_line": 49}, "version": {"executed_lines": [], "summary": {"covered_lines": 0, "num_statements": 1, "percent_covered": 0.0, "percent_covered_display": "0", "missing_lines": 1, "excluded_lines": 0, "percent_statements_covered": 0.0, "percent_statements_covered_display": "0"}, "missing_lines": [69], "excluded_lines": [], "start_line": 67}, "help": {"executed_lines": [], "summary": {"covered_lines": 0, "num_statements": 5, "percent_covered": 0.0, "percent_covered_display": "0", "missing_lines": 5, "excluded_lines": 0, "percent_statements_covered": 0.0, "percent_statements_covered_display": "0"}, "missing_lines": [83, 86, 88, 90, 93], "excluded_lines": [], "start_line": 73}, "main": {"executed_lines": [], "summary": {"covered_lines": 0, "num_statements": 17, "percent_covered": 0.0, "percent_covered_display": "0", "missing_lines": 17, "excluded_lines": 0, "percent_statements_covered": 0.0, "percent_statements_covered_display": "0"}, "missing_lines": [99, 101, 102, 104, 106, 107, 108, 109, 111, 113, 114, 116, 117, 118, 120, 122, 123], "excluded_lines": [], "start_line": 96}, "": {"executed_lines": [], "summary": {"covered_lines": 0, "num_statements": 28, "percent_covered": 0.0, "percent_covered_display": "0", "missing_lines": 28, "excluded_lines": 0, "percent_statements_covered": 0.0, "percent_statements_covered_display": "0"}, "missing_lines": [7, 8, 10, 11, 12, 13, 15, 16, 17, 21, 22, 28, 31, 40, 41, 42, 43, 44, 45, 48, 49, 66, 67, 72, 73, 96, 126, 127], "excluded_lines": [], "start_line": 1}}, "classes": {"_NoBorderPanel": {"executed_lines": [], "summary": {"covered_lines": 0, "num_statements": 3, "percent_covered": 0.0, "percent_covered_display": "0", "missing_lines": 3, "excluded_lines": 0, "percent_statements_covered": 0.0, "percent_statements_covered_display": "0"}, "missing_lines": [23, 24, 25], "excluded_lines": [], "start_line": 21}, "": {"executed_lines": [], "summary": {"covered_lines": 0, "num_statements": 52, "percent_covered": 0.0, "percent_covered_display": "0", "missing_lines": 52, "excluded_lines": 0, "percent_statements_covered": 0.0, "percent_statements_covered_display": "0"}, "missing_lines": [7, 8, 10, 11, 12, 13, 15, 16, 17, 21, 22, 28, 31, 40, 41, 42, 43, 44, 45, 48, 49, 63, 66, 67, 69, 72, 73, 83, 86, 88, 90, 93, 96, 99, 101, 102, 104, 106, 107, 108, 109, 111, 113, 114, 116, 117, 118, 120, 122, 123, 126, 127], "excluded_lines": [], "start_line": 1}}}, "src/vibe3/clients/__init__.py": {"executed_lines": [3, 8, 10], "summary": {"covered_lines": 3, "num_statements": 3, "percent_covered": 100.0, "percent_covered_display": "100", "missing_lines": 0, "excluded_lines": 0, "percent_statements_covered": 100.0, "percent_statements_covered_display": "100"}, "missing_lines": [], "excluded_lines": [], "functions": {"": {"executed_lines": [3, 8, 10], "summary": {"covered_lines": 3, "num_statements": 3, "percent_covered": 100.0, "percent_covered_display": "100", "missing_lines": 0, "excluded_lines": 0, "percent_statements_covered": 100.0, "percent_statements_covered_display": "100"}, "missing_lines": [], "excluded_lines": [], "start_line": 1}}, "classes": {"": {"executed_lines": [3, 8, 10], "summary": {"covered_lines": 3, "num_statements": 3, "percent_covered": 100.0, "percent_covered_display": "100", "missing_lines": 0, "excluded_lines": 0, "percent_statements_covered": 100.0, "percent_statements_covered_display": "100"}, "missing_lines": [], "excluded_lines": [], "start_line": 1}}}, "src/vibe3/clients/git_client.py": {"executed_lines": [3, 4, 6, 8, 9, 18, 34, 37, 56, 62, 63, 66, 68, 81, 93, 96, 98, 99, 100, 101, 102, 103, 104, 105, 106, 107, 108, 112, 113, 115, 127, 128, 130, 131, 132, 133, 134, 135, 136, 137, 145, 146, 150, 152, 153, 154, 155, 156, 157, 158, 160, 162, 163, 165, 167, 168, 170, 172, 173, 175, 181, 182, 183, 185], "summary": {"covered_lines": 64, "num_statements": 85, "percent_covered": 75.29411764705883, "percent_covered_display": "75", "missing_lines": 21, "excluded_lines": 14, "percent_statements_covered": 75.29411764705883, "percent_statements_covered_display": "75"}, "missing_lines": [49, 50, 51, 52, 53, 54, 74, 75, 76, 79, 110, 138, 139, 141, 143, 187, 188, 190, 196, 197, 198], "excluded_lines": [20, 21, 22, 23, 24, 25, 26, 27, 28, 29, 30, 31, 32, 33], "functions": {"GitClientProtocol.get_current_branch": {"executed_lines": [], "summary": {"covered_lines": 0, "num_statements": 0, "percent_covered": 100.0, "percent_covered_display": "100", "missing_lines": 0, "excluded_lines": 1, "percent_statements_covered": 100.0, "percent_statements_covered_display": "100"}, "missing_lines": [], "excluded_lines": [22], "start_line": 21}, "GitClientProtocol.get_worktree_name": {"executed_lines": [], "summary": {"covered_lines": 0, "num_statements": 0, "percent_covered": 100.0, "percent_covered_display": "100", "missing_lines": 0, "excluded_lines": 1, "percent_statements_covered": 100.0, "percent_statements_covered_display": "100"}, "missing_lines": [], "excluded_lines": [25], "start_line": 24}, "GitClientProtocol.get_changed_files": {"executed_lines": [], "summary": {"covered_lines": 0, "num_statements": 0, "percent_covered": 100.0, "percent_covered_display": "100", "missing_lines": 0, "excluded_lines": 1, "percent_statements_covered": 100.0, "percent_statements_covered_display": "100"}, "missing_lines": [], "excluded_lines": [28], "start_line": 27}, "GitClientProtocol.get_diff": {"executed_lines": [], "summary": {"covered_lines": 0, "num_statements": 0, "percent_covered": 100.0, "percent_covered_display": "100", "missing_lines": 0, "excluded_lines": 1, "percent_statements_covered": 100.0, "percent_statements_covered_display": "100"}, "missing_lines": [], "excluded_lines": [31], "start_line": 30}, "GitClient._run": {"executed_lines": [], "summary": {"covered_lines": 0, "num_statements": 6, "percent_covered": 0.0, "percent_covered_display": "0", "missing_lines": 6, "excluded_lines": 0, "percent_statements_covered": 0.0, "percent_statements_covered_display": "0"}, "missing_lines": [49, 50, 51, 52, 53, 54], "excluded_lines": [], "start_line": 37}, "GitClient.get_current_branch": {"executed_lines": [62, 63, 66], "summary": {"covered_lines": 3, "num_statements": 3, "percent_covered": 100.0, "percent_covered_display": "100", "missing_lines": 0, "excluded_lines": 0, "percent_statements_covered": 100.0, "percent_statements_covered_display": "100"}, "missing_lines": [], "excluded_lines": [], "start_line": 56}, "GitClient.get_worktree_name": {"executed_lines": [], "summary": {"covered_lines": 0, "num_statements": 4, "percent_covered": 0.0, "percent_covered_display": "0", "missing_lines": 4, "excluded_lines": 0, "percent_statements_covered": 0.0, "percent_statements_covered_display": "0"}, "missing_lines": [74, 75, 76, 79], "excluded_lines": [], "start_line": 68}, "GitClient.get_changed_files": {"executed_lines": [93, 96, 98, 99, 100, 101, 102, 103, 104, 105, 106, 107, 108, 112, 113], "summary": {"covered_lines": 15, "num_statements": 16, "percent_covered": 93.75, "percent_covered_display": "94", "missing_lines": 1, "excluded_lines": 0, "percent_statements_covered": 93.75, "percent_statements_covered_display": "94"}, "missing_lines": [110], "excluded_lines": [], "start_line": 81}, "GitClient.get_diff": {"executed_lines": [127, 128, 130, 131, 132, 133, 134, 135, 136, 137, 145, 146], "summary": {"covered_lines": 12, "num_statements": 16, "percent_covered": 75.0, "percent_covered_display": "75", "missing_lines": 4, "excluded_lines": 0, "percent_statements_covered": 75.0, "percent_statements_covered_display": "75"}, "missing_lines": [138, 139, 141, 143], "excluded_lines": [], "start_line": 115}, "GitClient._get_uncommitted_files": {"executed_lines": [152, 153, 154, 155, 156, 157, 158], "summary": {"covered_lines": 7, "num_statements": 7, "percent_covered": 100.0, "percent_covered_display": "100", "missing_lines": 0, "excluded_lines": 0, "percent_statements_covered": 100.0, "percent_statements_covered_display": "100"}, "missing_lines": [], "excluded_lines": [], "start_line": 150}, "GitClient._get_commit_files": {"executed_lines": [162, 163], "summary": {"covered_lines": 2, "num_statements": 2, "percent_covered": 100.0, "percent_covered_display": "100", "missing_lines": 0, "excluded_lines": 0, "percent_statements_covered": 100.0, "percent_statements_covered_display": "100"}, "missing_lines": [], "excluded_lines": [], "start_line": 160}, "GitClient._get_branch_files": {"executed_lines": [167, 168], "summary": {"covered_lines": 2, "num_statements": 2, "percent_covered": 100.0, "percent_covered_display": "100", "missing_lines": 0, "excluded_lines": 0, "percent_statements_covered": 100.0, "percent_statements_covered_display": "100"}, "missing_lines": [], "excluded_lines": [], "start_line": 165}, "GitClient._get_pr_files": {"executed_lines": [172, 173, 175, 181, 182, 183], "summary": {"covered_lines": 6, "num_statements": 6, "percent_covered": 100.0, "percent_covered_display": "100", "missing_lines": 0, "excluded_lines": 0, "percent_statements_covered": 100.0, "percent_statements_covered_display": "100"}, "missing_lines": [], "excluded_lines": [], "start_line": 170}, "GitClient._get_pr_diff": {"executed_lines": [], "summary": {"covered_lines": 0, "num_statements": 6, "percent_covered": 0.0, "percent_covered_display": "0", "missing_lines": 6, "excluded_lines": 0, "percent_statements_covered": 0.0, "percent_statements_covered_display": "0"}, "missing_lines": [187, 188, 190, 196, 197, 198], "excluded_lines": [], "start_line": 185}, "": {"executed_lines": [3, 4, 6, 8, 9, 18, 34, 37, 56, 68, 81, 115, 150, 160, 165, 170, 185], "summary": {"covered_lines": 17, "num_statements": 17, "percent_covered": 100.0, "percent_covered_display": "100", "missing_lines": 0, "excluded_lines": 10, "percent_statements_covered": 100.0, "percent_statements_covered_display": "100"}, "missing_lines": [], "excluded_lines": [20, 21, 23, 24, 26, 27, 29, 30, 32, 33], "start_line": 1}}, "classes": {"GitClientProtocol": {"executed_lines": [], "summary": {"covered_lines": 0, "num_statements": 0, "percent_covered": 100.0, "percent_covered_display": "100", "missing_lines": 0, "excluded_lines": 4, "percent_statements_covered": 100.0, "percent_statements_covered_display": "100"}, "missing_lines": [], "excluded_lines": [22, 25, 28, 31], "start_line": 18}, "GitClient": {"executed_lines": [62, 63, 66, 93, 96, 98, 99, 100, 101, 102, 103, 104, 105, 106, 107, 108, 112, 113, 127, 128, 130, 131, 132, 133, 134, 135, 136, 137, 145, 146, 152, 153, 154, 155, 156, 157, 158, 162, 163, 167, 168, 172, 173, 175, 181, 182, 183], "summary": {"covered_lines": 47, "num_statements": 68, "percent_covered": 69.11764705882354, "percent_covered_display": "69", "missing_lines": 21, "excluded_lines": 0, "percent_statements_covered": 69.11764705882354, "percent_statements_covered_display": "69"}, "missing_lines": [49, 50, 51, 52, 53, 54, 74, 75, 76, 79, 110, 138, 139, 141, 143, 187, 188, 190, 196, 197, 198], "excluded_lines": [], "start_line": 34}, "": {"executed_lines": [3, 4, 6, 8, 9, 18, 34, 37, 56, 68, 81, 115, 150, 160, 165, 170, 185], "summary": {"covered_lines": 17, "num_statements": 17, "percent_covered": 100.0, "percent_covered_display": "100", "missing_lines": 0, "excluded_lines": 10, "percent_statements_covered": 100.0, "percent_statements_covered_display": "100"}, "missing_lines": [], "excluded_lines": [20, 21, 23, 24, 26, 27, 29, 30, 32, 33], "start_line": 1}}}, "src/vibe3/clients/github_client.py": {"executed_lines": [3, 4, 5, 6, 7, 10, 21], "summary": {"covered_lines": 7, "num_statements": 7, "percent_covered": 100.0, "percent_covered_display": "100", "missing_lines": 0, "excluded_lines": 0, "percent_statements_covered": 100.0, "percent_statements_covered_display": "100"}, "missing_lines": [], "excluded_lines": [], "functions": {"": {"executed_lines": [3, 4, 5, 6, 7, 10, 21], "summary": {"covered_lines": 7, "num_statements": 7, "percent_covered": 100.0, "percent_covered_display": "100", "missing_lines": 0, "excluded_lines": 0, "percent_statements_covered": 100.0, "percent_statements_covered_display": "100"}, "missing_lines": [], "excluded_lines": [], "start_line": 1}}, "classes": {"GitHubClient": {"executed_lines": [], "summary": {"covered_lines": 0, "num_statements": 0, "percent_covered": 100.0, "percent_covered_display": "100", "missing_lines": 0, "excluded_lines": 0, "percent_statements_covered": 100.0, "percent_statements_covered_display": "100"}, "missing_lines": [], "excluded_lines": [], "start_line": 10}, "": {"executed_lines": [3, 4, 5, 6, 7, 10, 21], "summary": {"covered_lines": 7, "num_statements": 7, "percent_covered": 100.0, "percent_covered_display": "100", "missing_lines": 0, "excluded_lines": 0, "percent_statements_covered": 100.0, "percent_statements_covered_display": "100"}, "missing_lines": [], "excluded_lines": [], "start_line": 1}}}, "src/vibe3/clients/github_client_base.py": {"executed_lines": [3, 4, 5, 7, 10, 13, 29, 58, 71, 72, 74], "summary": {"covered_lines": 11, "num_statements": 23, "percent_covered": 47.82608695652174, "percent_covered_display": "48", "missing_lines": 12, "excluded_lines": 0, "percent_statements_covered": 47.82608695652174, "percent_statements_covered_display": "48"}, "missing_lines": [15, 16, 21, 22, 23, 27, 44, 45, 53, 54, 56, 73], "excluded_lines": [], "functions": {"GitHubClientBase.check_auth": {"executed_lines": [], "summary": {"covered_lines": 0, "num_statements": 6, "percent_covered": 0.0, "percent_covered_display": "0", "missing_lines": 6, "excluded_lines": 0, "percent_statements_covered": 0.0, "percent_statements_covered_display": "0"}, "missing_lines": [15, 16, 21, 22, 23, 27], "excluded_lines": [], "start_line": 13}, "GitHubClientBase._run_gh_command": {"executed_lines": [], "summary": {"covered_lines": 0, "num_statements": 5, "percent_covered": 0.0, "percent_covered_display": "0", "missing_lines": 5, "excluded_lines": 0, "percent_statements_covered": 0.0, "percent_statements_covered_display": "0"}, "missing_lines": [44, 45, 53, 54, 56], "excluded_lines": [], "start_line": 29}, "GitHubClientBase._extract_pr_number": {"executed_lines": [71, 72, 74], "summary": {"covered_lines": 3, "num_statements": 4, "percent_covered": 75.0, "percent_covered_display": "75", "missing_lines": 1, "excluded_lines": 0, "percent_statements_covered": 75.0, "percent_statements_covered_display": "75"}, "missing_lines": [73], "excluded_lines": [], "start_line": 58}, "": {"executed_lines": [3, 4, 5, 7, 10, 13, 29, 58], "summary": {"covered_lines": 8, "num_statements": 8, "percent_covered": 100.0, "percent_covered_display": "100", "missing_lines": 0, "excluded_lines": 0, "percent_statements_covered": 100.0, "percent_statements_covered_display": "100"}, "missing_lines": [], "excluded_lines": [], "start_line": 1}}, "classes": {"GitHubClientBase": {"executed_lines": [71, 72, 74], "summary": {"covered_lines": 3, "num_statements": 15, "percent_covered": 20.0, "percent_covered_display": "20", "missing_lines": 12, "excluded_lines": 0, "percent_statements_covered": 20.0, "percent_statements_covered_display": "20"}, "missing_lines": [15, 16, 21, 22, 23, 27, 44, 45, 53, 54, 56, 73], "excluded_lines": [], "start_line": 10}, "": {"executed_lines": [3, 4, 5, 7, 10, 13, 29, 58], "summary": {"covered_lines": 8, "num_statements": 8, "percent_covered": 100.0, "percent_covered_display": "100", "missing_lines": 0, "excluded_lines": 0, "percent_statements_covered": 100.0, "percent_statements_covered_display": "100"}, "missing_lines": [], "excluded_lines": [], "start_line": 1}}}, "src/vibe3/clients/github_issues_ops.py": {"executed_lines": [3, 4, 5, 7, 10, 13, 42], "summary": {"covered_lines": 7, "num_statements": 21, "percent_covered": 33.333333333333336, "percent_covered_display": "33", "missing_lines": 14, "excluded_lines": 0, "percent_statements_covered": 33.333333333333336, "percent_statements_covered_display": "33"}, "missing_lines": [17, 23, 34, 35, 36, 39, 40, 44, 49, 57, 58, 59, 62, 63], "excluded_lines": [], "functions": {"IssuesMixin.list_issues": {"executed_lines": [], "summary": {"covered_lines": 0, "num_statements": 7, "percent_covered": 0.0, "percent_covered_display": "0", "missing_lines": 7, "excluded_lines": 0, "percent_statements_covered": 0.0, "percent_statements_covered_display": "0"}, "missing_lines": [17, 23, 34, 35, 36, 39, 40], "excluded_lines": [], "start_line": 13}, "IssuesMixin.view_issue": {"executed_lines": [], "summary": {"covered_lines": 0, "num_statements": 7, "percent_covered": 0.0, "percent_covered_display": "0", "missing_lines": 7, "excluded_lines": 0, "percent_statements_covered": 0.0, "percent_statements_covered_display": "0"}, "missing_lines": [44, 49, 57, 58, 59, 62, 63], "excluded_lines": [], "start_line": 42}, "": {"executed_lines": [3, 4, 5, 7, 10, 13, 42], "summary": {"covered_lines": 7, "num_statements": 7, "percent_covered": 100.0, "percent_covered_display": "100", "missing_lines": 0, "excluded_lines": 0, "percent_statements_covered": 100.0, "percent_statements_covered_display": "100"}, "missing_lines": [], "excluded_lines": [], "start_line": 1}}, "classes": {"IssuesMixin": {"executed_lines": [], "summary": {"covered_lines": 0, "num_statements": 14, "percent_covered": 0.0, "percent_covered_display": "0", "missing_lines": 14, "excluded_lines": 0, "percent_statements_covered": 0.0, "percent_statements_covered_display": "0"}, "missing_lines": [17, 23, 34, 35, 36, 39, 40, 44, 49, 57, 58, 59, 62, 63], "excluded_lines": [], "start_line": 10}, "": {"executed_lines": [3, 4, 5, 7, 10, 13, 42], "summary": {"covered_lines": 7, "num_statements": 7, "percent_covered": 100.0, "percent_covered_display": "100", "missing_lines": 0, "excluded_lines": 0, "percent_statements_covered": 100.0, "percent_statements_covered_display": "100"}, "missing_lines": [], "excluded_lines": [], "start_line": 1}}}, "src/vibe3/clients/github_pr_ops.py": {"executed_lines": [3, 4, 5, 7, 9, 10, 13, 16, 61, 117, 158, 178], "summary": {"covered_lines": 12, "num_statements": 63, "percent_covered": 19.047619047619047, "percent_covered_display": "19", "missing_lines": 51, "excluded_lines": 0, "percent_statements_covered": 19.047619047619047, "percent_statements_covered_display": "19"}, "missing_lines": [18, 27, 41, 42, 44, 52, 53, 56, 57, 58, 59, 65, 72, 73, 75, 81, 83, 97, 98, 99, 101, 102, 119, 125, 127, 128, 129, 130, 131, 132, 134, 137, 138, 139, 146, 153, 154, 155, 156, 160, 166, 173, 174, 175, 176, 180, 186, 193, 194, 195, 196], "excluded_lines": [], "functions": {"PRMixin.create_pr": {"executed_lines": [], "summary": {"covered_lines": 0, "num_statements": 11, "percent_covered": 0.0, "percent_covered_display": "0", "missing_lines": 11, "excluded_lines": 0, "percent_statements_covered": 0.0, "percent_statements_covered_display": "0"}, "missing_lines": [18, 27, 41, 42, 44, 52, 53, 56, 57, 58, 59], "excluded_lines": [], "start_line": 16}, "PRMixin.get_pr": {"executed_lines": [], "summary": {"covered_lines": 0, "num_statements": 11, "percent_covered": 0.0, "percent_covered_display": "0", "missing_lines": 11, "excluded_lines": 0, "percent_statements_covered": 0.0, "percent_statements_covered_display": "0"}, "missing_lines": [65, 72, 73, 75, 81, 83, 97, 98, 99, 101, 102], "excluded_lines": [], "start_line": 61}, "PRMixin.update_pr": {"executed_lines": [], "summary": {"covered_lines": 0, "num_statements": 17, "percent_covered": 0.0, "percent_covered_display": "0", "missing_lines": 17, "excluded_lines": 0, "percent_statements_covered": 0.0, "percent_statements_covered_display": "0"}, "missing_lines": [119, 125, 127, 128, 129, 130, 131, 132, 134, 137, 138, 139, 146, 153, 154, 155, 156], "excluded_lines": [], "start_line": 117}, "PRMixin.mark_ready": {"executed_lines": [], "summary": {"covered_lines": 0, "num_statements": 6, "percent_covered": 0.0, "percent_covered_display": "0", "missing_lines": 6, "excluded_lines": 0, "percent_statements_covered": 0.0, "percent_statements_covered_display": "0"}, "missing_lines": [160, 166, 173, 174, 175, 176], "excluded_lines": [], "start_line": 158}, "PRMixin.merge_pr": {"executed_lines": [], "summary": {"covered_lines": 0, "num_statements": 6, "percent_covered": 0.0, "percent_covered_display": "0", "missing_lines": 6, "excluded_lines": 0, "percent_statements_covered": 0.0, "percent_statements_covered_display": "0"}, "missing_lines": [180, 186, 193, 194, 195, 196], "excluded_lines": [], "start_line": 178}, "": {"executed_lines": [3, 4, 5, 7, 9, 10, 13, 16, 61, 117, 158, 178], "summary": {"covered_lines": 12, "num_statements": 12, "percent_covered": 100.0, "percent_covered_display": "100", "missing_lines": 0, "excluded_lines": 0, "percent_statements_covered": 100.0, "percent_statements_covered_display": "100"}, "missing_lines": [], "excluded_lines": [], "start_line": 1}}, "classes": {"PRMixin": {"executed_lines": [], "summary": {"covered_lines": 0, "num_statements": 51, "percent_covered": 0.0, "percent_covered_display": "0", "missing_lines": 51, "excluded_lines": 0, "percent_statements_covered": 0.0, "percent_statements_covered_display": "0"}, "missing_lines": [18, 27, 41, 42, 44, 52, 53, 56, 57, 58, 59, 65, 72, 73, 75, 81, 83, 97, 98, 99, 101, 102, 119, 125, 127, 128, 129, 130, 131, 132, 134, 137, 138, 139, 146, 153, 154, 155, 156, 160, 166, 173, 174, 175, 176, 180, 186, 193, 194, 195, 196], "excluded_lines": [], "start_line": 13}, "": {"executed_lines": [3, 4, 5, 7, 9, 10, 13, 16, 61, 117, 158, 178], "summary": {"covered_lines": 12, "num_statements": 12, "percent_covered": 100.0, "percent_covered_display": "100", "missing_lines": 0, "excluded_lines": 0, "percent_statements_covered": 100.0, "percent_statements_covered_display": "100"}, "missing_lines": [], "excluded_lines": [], "start_line": 1}}}, "src/vibe3/clients/github_review_ops.py": {"executed_lines": [3, 4, 5, 7, 10, 13, 25, 40, 67, 95, 131, 181], "summary": {"covered_lines": 12, "num_statements": 44, "percent_covered": 27.272727272727273, "percent_covered_display": "27", "missing_lines": 32, "excluded_lines": 0, "percent_statements_covered": 27.272727272727273, "percent_statements_covered_display": "27"}, "missing_lines": [15, 20, 27, 32, 38, 49, 55, 65, 75, 82, 104, 110, 112, 113, 120, 121, 122, 123, 129, 151, 159, 179, 204, 211, 214, 215, 217, 225, 239, 240, 242, 246], "excluded_lines": [], "functions": {"ReviewMixin.add_pr_comment": {"executed_lines": [], "summary": {"covered_lines": 0, "num_statements": 2, "percent_covered": 0.0, "percent_covered_display": "0", "missing_lines": 2, "excluded_lines": 0, "percent_statements_covered": 0.0, "percent_statements_covered_display": "0"}, "missing_lines": [15, 20], "excluded_lines": [], "start_line": 13}, "ReviewMixin.get_pr_diff": {"executed_lines": [], "summary": {"covered_lines": 0, "num_statements": 3, "percent_covered": 0.0, "percent_covered_display": "0", "missing_lines": 3, "excluded_lines": 0, "percent_statements_covered": 0.0, "percent_statements_covered_display": "0"}, "missing_lines": [27, 32, 38], "excluded_lines": [], "start_line": 25}, "ReviewMixin.list_reviews": {"executed_lines": [], "summary": {"covered_lines": 0, "num_statements": 3, "percent_covered": 0.0, "percent_covered_display": "0", "missing_lines": 3, "excluded_lines": 0, "percent_statements_covered": 0.0, "percent_statements_covered_display": "0"}, "missing_lines": [49, 55, 65], "excluded_lines": [], "start_line": 40}, "ReviewMixin.dismiss_review": {"executed_lines": [], "summary": {"covered_lines": 0, "num_statements": 2, "percent_covered": 0.0, "percent_covered_display": "0", "missing_lines": 2, "excluded_lines": 0, "percent_statements_covered": 0.0, "percent_statements_covered_display": "0"}, "missing_lines": [75, 82], "excluded_lines": [], "start_line": 67}, "ReviewMixin.dismiss_bot_reviews": {"executed_lines": [], "summary": {"covered_lines": 0, "num_statements": 9, "percent_covered": 0.0, "percent_covered_display": "0", "missing_lines": 9, "excluded_lines": 0, "percent_statements_covered": 0.0, "percent_statements_covered_display": "0"}, "missing_lines": [104, 110, 112, 113, 120, 121, 122, 123, 129], "excluded_lines": [], "start_line": 95}, "ReviewMixin.post_review_comment": {"executed_lines": [], "summary": {"covered_lines": 0, "num_statements": 3, "percent_covered": 0.0, "percent_covered_display": "0", "missing_lines": 3, "excluded_lines": 0, "percent_statements_covered": 0.0, "percent_statements_covered_display": "0"}, "missing_lines": [151, 159, 179], "excluded_lines": [], "start_line": 131}, "ReviewMixin.create_review": {"executed_lines": [], "summary": {"covered_lines": 0, "num_statements": 10, "percent_covered": 0.0, "percent_covered_display": "0", "missing_lines": 10, "excluded_lines": 0, "percent_statements_covered": 0.0, "percent_statements_covered_display": "0"}, "missing_lines": [204, 211, 214, 215, 217, 225, 239, 240, 242, 246], "excluded_lines": [], "start_line": 181}, "": {"executed_lines": [3, 4, 5, 7, 10, 13, 25, 40, 67, 95, 131, 181], "summary": {"covered_lines": 12, "num_statements": 12, "percent_covered": 100.0, "percent_covered_display": "100", "missing_lines": 0, "excluded_lines": 0, "percent_statements_covered": 100.0, "percent_statements_covered_display": "100"}, "missing_lines": [], "excluded_lines": [], "start_line": 1}}, "classes": {"ReviewMixin": {"executed_lines": [], "summary": {"covered_lines": 0, "num_statements": 32, "percent_covered": 0.0, "percent_covered_display": "0", "missing_lines": 32, "excluded_lines": 0, "percent_statements_covered": 0.0, "percent_statements_covered_display": "0"}, "missing_lines": [15, 20, 27, 32, 38, 49, 55, 65, 75, 82, 104, 110, 112, 113, 120, 121, 122, 123, 129, 151, 159, 179, 204, 211, 214, 215, 217, 225, 239, 240, 242, 246], "excluded_lines": [], "start_line": 10}, "": {"executed_lines": [3, 4, 5, 7, 10, 13, 25, 40, 67, 95, 131, 181], "summary": {"covered_lines": 12, "num_statements": 12, "percent_covered": 100.0, "percent_covered_display": "100", "missing_lines": 0, "excluded_lines": 0, "percent_statements_covered": 100.0, "percent_statements_covered_display": "100"}, "missing_lines": [], "excluded_lines": [], "start_line": 1}}}, "src/vibe3/clients/github_status_ops.py": {"executed_lines": [3, 4, 5, 7, 9, 12, 15, 46], "summary": {"covered_lines": 8, "num_statements": 21, "percent_covered": 38.095238095238095, "percent_covered_display": "38", "missing_lines": 13, "excluded_lines": 0, "percent_statements_covered": 38.095238095238095, "percent_statements_covered_display": "38"}, "missing_lines": [27, 33, 38, 39, 43, 44, 67, 74, 82, 96, 97, 103, 107], "excluded_lines": [], "functions": {"StatusMixin.get_pr_head_sha": {"executed_lines": [], "summary": {"covered_lines": 0, "num_statements": 6, "percent_covered": 0.0, "percent_covered_display": "0", "missing_lines": 6, "excluded_lines": 0, "percent_statements_covered": 0.0, "percent_statements_covered_display": "0"}, "missing_lines": [27, 33, 38, 39, 43, 44], "excluded_lines": [], "start_line": 15}, "StatusMixin.create_commit_status": {"executed_lines": [], "summary": {"covered_lines": 0, "num_statements": 7, "percent_covered": 0.0, "percent_covered_display": "0", "missing_lines": 7, "excluded_lines": 0, "percent_statements_covered": 0.0, "percent_statements_covered_display": "0"}, "missing_lines": [67, 74, 82, 96, 97, 103, 107], "excluded_lines": [], "start_line": 46}, "": {"executed_lines": [3, 4, 5, 7, 9, 12, 15, 46], "summary": {"covered_lines": 8, "num_statements": 8, "percent_covered": 100.0, "percent_covered_display": "100", "missing_lines": 0, "excluded_lines": 0, "percent_statements_covered": 100.0, "percent_statements_covered_display": "100"}, "missing_lines": [], "excluded_lines": [], "start_line": 1}}, "classes": {"StatusMixin": {"executed_lines": [], "summary": {"covered_lines": 0, "num_statements": 13, "percent_covered": 0.0, "percent_covered_display": "0", "missing_lines": 13, "excluded_lines": 0, "percent_statements_covered": 0.0, "percent_statements_covered_display": "0"}, "missing_lines": [27, 33, 38, 39, 43, 44, 67, 74, 82, 96, 97, 103, 107], "excluded_lines": [], "start_line": 12}, "": {"executed_lines": [3, 4, 5, 7, 9, 12, 15, 46], "summary": {"covered_lines": 8, "num_statements": 8, "percent_covered": 100.0, "percent_covered_display": "100", "missing_lines": 0, "excluded_lines": 0, "percent_statements_covered": 100.0, "percent_statements_covered_display": "100"}, "missing_lines": [], "excluded_lines": [], "start_line": 1}}}, "src/vibe3/clients/protocols.py": {"executed_lines": [3, 5, 8, 11, 15, 19, 25, 29, 33, 37, 42, 45, 49, 53, 59, 63, 67, 71, 75, 79, 83], "summary": {"covered_lines": 21, "num_statements": 21, "percent_covered": 100.0, "percent_covered_display": "100", "missing_lines": 0, "excluded_lines": 35, "percent_statements_covered": 100.0, "percent_statements_covered_display": "100"}, "missing_lines": [], "excluded_lines": [13, 14, 17, 18, 23, 24, 27, 28, 31, 32, 35, 36, 39, 40, 41, 47, 48, 51, 52, 57, 58, 61, 62, 65, 66, 69, 70, 73, 74, 77, 78, 81, 82, 85, 86], "functions": {"StoreClientProtocol.get_flow_state": {"executed_lines": [], "summary": {"covered_lines": 0, "num_statements": 0, "percent_covered": 100.0, "percent_covered_display": "100", "missing_lines": 0, "excluded_lines": 1, "percent_statements_covered": 100.0, "percent_statements_covered_display": "100"}, "missing_lines": [], "excluded_lines": [13], "start_line": 11}, "StoreClientProtocol.update_flow_state": {"executed_lines": [], "summary": {"covered_lines": 0, "num_statements": 0, "percent_covered": 100.0, "percent_covered_display": "100", "missing_lines": 0, "excluded_lines": 1, "percent_statements_covered": 100.0, "percent_statements_covered_display": "100"}, "missing_lines": [], "excluded_lines": [17], "start_line": 15}, "StoreClientProtocol.add_event": {"executed_lines": [], "summary": {"covered_lines": 0, "num_statements": 0, "percent_covered": 100.0, "percent_covered_display": "100", "missing_lines": 0, "excluded_lines": 1, "percent_statements_covered": 100.0, "percent_statements_covered_display": "100"}, "missing_lines": [], "excluded_lines": [23], "start_line": 19}, "StoreClientProtocol.add_issue_link": {"executed_lines": [], "summary": {"covered_lines": 0, "num_statements": 0, "percent_covered": 100.0, "percent_covered_display": "100", "missing_lines": 0, "excluded_lines": 1, "percent_statements_covered": 100.0, "percent_statements_covered_display": "100"}, "missing_lines": [], "excluded_lines": [27], "start_line": 25}, "StoreClientProtocol.get_issue_links": {"executed_lines": [], "summary": {"covered_lines": 0, "num_statements": 0, "percent_covered": 100.0, "percent_covered_display": "100", "missing_lines": 0, "excluded_lines": 1, "percent_statements_covered": 100.0, "percent_statements_covered_display": "100"}, "missing_lines": [], "excluded_lines": [31], "start_line": 29}, "StoreClientProtocol.get_active_flows": {"executed_lines": [], "summary": {"covered_lines": 0, "num_statements": 0, "percent_covered": 100.0, "percent_covered_display": "100", "missing_lines": 0, "excluded_lines": 1, "percent_statements_covered": 100.0, "percent_statements_covered_display": "100"}, "missing_lines": [], "excluded_lines": [35], "start_line": 33}, "StoreClientProtocol.get_all_flows": {"executed_lines": [], "summary": {"covered_lines": 0, "num_statements": 0, "percent_covered": 100.0, "percent_covered_display": "100", "missing_lines": 0, "excluded_lines": 1, "percent_statements_covered": 100.0, "percent_statements_covered_display": "100"}, "missing_lines": [], "excluded_lines": [39], "start_line": 37}, "GitHubClientProtocol.check_auth": {"executed_lines": [], "summary": {"covered_lines": 0, "num_statements": 0, "percent_covered": 100.0, "percent_covered_display": "100", "missing_lines": 0, "excluded_lines": 1, "percent_statements_covered": 100.0, "percent_statements_covered_display": "100"}, "missing_lines": [], "excluded_lines": [47], "start_line": 45}, "GitHubClientProtocol.create_pr": {"executed_lines": [], "summary": {"covered_lines": 0, "num_statements": 0, "percent_covered": 100.0, "percent_covered_display": "100", "missing_lines": 0, "excluded_lines": 1, "percent_statements_covered": 100.0, "percent_statements_covered_display": "100"}, "missing_lines": [], "excluded_lines": [51], "start_line": 49}, "GitHubClientProtocol.get_pr": {"executed_lines": [], "summary": {"covered_lines": 0, "num_statements": 0, "percent_covered": 100.0, "percent_covered_display": "100", "missing_lines": 0, "excluded_lines": 1, "percent_statements_covered": 100.0, "percent_statements_covered_display": "100"}, "missing_lines": [], "excluded_lines": [57], "start_line": 53}, "GitHubClientProtocol.update_pr": {"executed_lines": [], "summary": {"covered_lines": 0, "num_statements": 0, "percent_covered": 100.0, "percent_covered_display": "100", "missing_lines": 0, "excluded_lines": 1, "percent_statements_covered": 100.0, "percent_statements_covered_display": "100"}, "missing_lines": [], "excluded_lines": [61], "start_line": 59}, "GitHubClientProtocol.mark_ready": {"executed_lines": [], "summary": {"covered_lines": 0, "num_statements": 0, "percent_covered": 100.0, "percent_covered_display": "100", "missing_lines": 0, "excluded_lines": 1, "percent_statements_covered": 100.0, "percent_statements_covered_display": "100"}, "missing_lines": [], "excluded_lines": [65], "start_line": 63}, "GitHubClientProtocol.merge_pr": {"executed_lines": [], "summary": {"covered_lines": 0, "num_statements": 0, "percent_covered": 100.0, "percent_covered_display": "100", "missing_lines": 0, "excluded_lines": 1, "percent_statements_covered": 100.0, "percent_statements_covered_display": "100"}, "missing_lines": [], "excluded_lines": [69], "start_line": 67}, "GitHubClientProtocol.add_pr_comment": {"executed_lines": [], "summary": {"covered_lines": 0, "num_statements": 0, "percent_covered": 100.0, "percent_covered_display": "100", "missing_lines": 0, "excluded_lines": 1, "percent_statements_covered": 100.0, "percent_statements_covered_display": "100"}, "missing_lines": [], "excluded_lines": [73], "start_line": 71}, "GitHubClientProtocol.get_pr_diff": {"executed_lines": [], "summary": {"covered_lines": 0, "num_statements": 0, "percent_covered": 100.0, "percent_covered_display": "100", "missing_lines": 0, "excluded_lines": 1, "percent_statements_covered": 100.0, "percent_statements_covered_display": "100"}, "missing_lines": [], "excluded_lines": [77], "start_line": 75}, "GitHubClientProtocol.list_issues": {"executed_lines": [], "summary": {"covered_lines": 0, "num_statements": 0, "percent_covered": 100.0, "percent_covered_display": "100", "missing_lines": 0, "excluded_lines": 1, "percent_statements_covered": 100.0, "percent_statements_covered_display": "100"}, "missing_lines": [], "excluded_lines": [81], "start_line": 79}, "GitHubClientProtocol.view_issue": {"executed_lines": [], "summary": {"covered_lines": 0, "num_statements": 0, "percent_covered": 100.0, "percent_covered_display": "100", "missing_lines": 0, "excluded_lines": 1, "percent_statements_covered": 100.0, "percent_statements_covered_display": "100"}, "missing_lines": [], "excluded_lines": [85], "start_line": 83}, "": {"executed_lines": [3, 5, 8, 11, 15, 19, 25, 29, 33, 37, 42, 45, 49, 53, 59, 63, 67, 71, 75, 79, 83], "summary": {"covered_lines": 21, "num_statements": 21, "percent_covered": 100.0, "percent_covered_display": "100", "missing_lines": 0, "excluded_lines": 17, "percent_statements_covered": 100.0, "percent_statements_covered_display": "100"}, "missing_lines": [], "excluded_lines": [14, 18, 24, 28, 32, 36, 40, 41, 48, 52, 58, 62, 66, 70, 74, 78, 82], "start_line": 1}}, "classes": {"StoreClientProtocol": {"executed_lines": [], "summary": {"covered_lines": 0, "num_statements": 0, "percent_covered": 100.0, "percent_covered_display": "100", "missing_lines": 0, "excluded_lines": 7, "percent_statements_covered": 100.0, "percent_statements_covered_display": "100"}, "missing_lines": [], "excluded_lines": [13, 17, 23, 27, 31, 35, 39], "start_line": 8}, "GitHubClientProtocol": {"executed_lines": [], "summary": {"covered_lines": 0, "num_statements": 0, "percent_covered": 100.0, "percent_covered_display": "100", "missing_lines": 0, "excluded_lines": 10, "percent_statements_covered": 100.0, "percent_statements_covered_display": "100"}, "missing_lines": [], "excluded_lines": [47, 51, 57, 61, 65, 69, 73, 77, 81, 85], "start_line": 42}, "": {"executed_lines": [3, 5, 8, 11, 15, 19, 25, 29, 33, 37, 42, 45, 49, 53, 59, 63, 67, 71, 75, 79, 83], "summary": {"covered_lines": 21, "num_statements": 21, "percent_covered": 100.0, "percent_covered_display": "100", "missing_lines": 0, "excluded_lines": 17, "percent_statements_covered": 100.0, "percent_statements_covered_display": "100"}, "missing_lines": [], "excluded_lines": [14, 18, 24, 28, 32, 36, 40, 41, 48, 52, 58, 62, 66, 70, 74, 78, 82], "start_line": 1}}}, "src/vibe3/clients/serena_client.py": {"executed_lines": [3, 4, 5, 6, 8, 10, 13, 14, 15, 18, 21, 30, 32, 33, 34, 38, 39, 40, 41, 42, 47, 48, 49, 50, 51, 52, 54, 57, 58, 59, 60, 61, 62, 63, 66, 75, 76, 96, 99, 113, 135, 163], "summary": {"covered_lines": 42, "num_statements": 90, "percent_covered": 46.666666666666664, "percent_covered_display": "47", "missing_lines": 48, "excluded_lines": 0, "percent_statements_covered": 46.666666666666664, "percent_statements_covered_display": "47"}, "missing_lines": [35, 36, 37, 43, 44, 45, 46, 78, 80, 82, 83, 84, 85, 86, 87, 88, 89, 90, 92, 93, 105, 106, 107, 122, 123, 124, 126, 127, 128, 129, 132, 133, 149, 150, 151, 152, 153, 154, 155, 161, 178, 179, 180, 181, 184, 185, 186, 193], "excluded_lines": [], "functions": {"extract_function_names": {"executed_lines": [30, 32, 54, 57, 58, 59, 60, 61, 62, 63], "summary": {"covered_lines": 10, "num_statements": 10, "percent_covered": 100.0, "percent_covered_display": "100", "missing_lines": 0, "excluded_lines": 0, "percent_statements_covered": 100.0, "percent_statements_covered_display": "100"}, "missing_lines": [], "excluded_lines": [], "start_line": 21}, "extract_function_names.walk": {"executed_lines": [33, 34, 38, 39, 40, 41, 42, 47, 48, 49, 50, 51, 52], "summary": {"covered_lines": 13, "num_statements": 20, "percent_covered": 65.0, "percent_covered_display": "65", "missing_lines": 7, "excluded_lines": 0, "percent_statements_covered": 65.0, "percent_statements_covered_display": "65"}, "missing_lines": [35, 36, 37, 43, 44, 45, 46], "excluded_lines": [], "start_line": 32}, "count_references": {"executed_lines": [75, 76], "summary": {"covered_lines": 2, "num_statements": 6, "percent_covered": 33.333333333333336, "percent_covered_display": "33", "missing_lines": 4, "excluded_lines": 0, "percent_statements_covered": 33.333333333333336, "percent_statements_covered_display": "33"}, "missing_lines": [78, 80, 92, 93], "excluded_lines": [], "start_line": 66}, "count_references.walk": {"executed_lines": [], "summary": {"covered_lines": 0, "num_statements": 9, "percent_covered": 0.0, "percent_covered_display": "0", "missing_lines": 9, "excluded_lines": 0, "percent_statements_covered": 0.0, "percent_statements_covered_display": "0"}, "missing_lines": [82, 83, 84, 85, 86, 87, 88, 89, 90], "excluded_lines": [], "start_line": 80}, "SerenaClient.__init__": {"executed_lines": [], "summary": {"covered_lines": 0, "num_statements": 3, "percent_covered": 0.0, "percent_covered_display": "0", "missing_lines": 3, "excluded_lines": 0, "percent_statements_covered": 0.0, "percent_statements_covered_display": "0"}, "missing_lines": [105, 106, 107], "excluded_lines": [], "start_line": 99}, "SerenaClient._get_agent": {"executed_lines": [], "summary": {"covered_lines": 0, "num_statements": 9, "percent_covered": 0.0, "percent_covered_display": "0", "missing_lines": 9, "excluded_lines": 0, "percent_statements_covered": 0.0, "percent_statements_covered_display": "0"}, "missing_lines": [122, 123, 124, 126, 127, 128, 129, 132, 133], "excluded_lines": [], "start_line": 113}, "SerenaClient.get_symbols_overview": {"executed_lines": [], "summary": {"covered_lines": 0, "num_statements": 8, "percent_covered": 0.0, "percent_covered_display": "0", "missing_lines": 8, "excluded_lines": 0, "percent_statements_covered": 0.0, "percent_statements_covered_display": "0"}, "missing_lines": [149, 150, 151, 152, 153, 154, 155, 161], "excluded_lines": [], "start_line": 135}, "SerenaClient.find_references": {"executed_lines": [], "summary": {"covered_lines": 0, "num_statements": 8, "percent_covered": 0.0, "percent_covered_display": "0", "missing_lines": 8, "excluded_lines": 0, "percent_statements_covered": 0.0, "percent_statements_covered_display": "0"}, "missing_lines": [178, 179, 180, 181, 184, 185, 186, 193], "excluded_lines": [], "start_line": 163}, "": {"executed_lines": [3, 4, 5, 6, 8, 10, 13, 14, 15, 18, 21, 66, 96, 99, 113, 135, 163], "summary": {"covered_lines": 17, "num_statements": 17, "percent_covered": 100.0, "percent_covered_display": "100", "missing_lines": 0, "excluded_lines": 0, "percent_statements_covered": 100.0, "percent_statements_covered_display": "100"}, "missing_lines": [], "excluded_lines": [], "start_line": 1}}, "classes": {"SerenaClient": {"executed_lines": [], "summary": {"covered_lines": 0, "num_statements": 28, "percent_covered": 0.0, "percent_covered_display": "0", "missing_lines": 28, "excluded_lines": 0, "percent_statements_covered": 0.0, "percent_statements_covered_display": "0"}, "missing_lines": [105, 106, 107, 122, 123, 124, 126, 127, 128, 129, 132, 133, 149, 150, 151, 152, 153, 154, 155, 161, 178, 179, 180, 181, 184, 185, 186, 193], "excluded_lines": [], "start_line": 96}, "": {"executed_lines": [3, 4, 5, 6, 8, 10, 13, 14, 15, 18, 21, 30, 32, 33, 34, 38, 39, 40, 41, 42, 47, 48, 49, 50, 51, 52, 54, 57, 58, 59, 60, 61, 62, 63, 66, 75, 76, 96, 99, 113, 135, 163], "summary": {"covered_lines": 42, "num_statements": 62, "percent_covered": 67.74193548387096, "percent_covered_display": "68", "missing_lines": 20, "excluded_lines": 0, "percent_statements_covered": 67.74193548387096, "percent_statements_covered_display": "68"}, "missing_lines": [35, 36, 37, 43, 44, 45, 46, 78, 80, 82, 83, 84, 85, 86, 87, 88, 89, 90, 92, 93], "excluded_lines": [], "start_line": 1}}}, "src/vibe3/clients/sqlite_client.py": {"executed_lines": [3, 4, 5, 6, 8, 11, 14, 20, 22, 23, 24, 26, 28, 29, 30, 36, 38, 39, 42, 52, 79, 92, 101, 115, 119, 123, 124, 128, 152, 159, 160, 162, 163, 165, 167, 168, 170, 176, 177, 178, 179, 186, 197, 198, 199, 200, 207, 208, 215, 243, 265, 281], "summary": {"covered_lines": 52, "num_statements": 90, "percent_covered": 57.77777777777778, "percent_covered_display": "58", "missing_lines": 38, "excluded_lines": 0, "percent_statements_covered": 57.77777777777778, "percent_statements_covered_display": "58"}, "missing_lines": [25, 137, 138, 139, 140, 141, 142, 143, 146, 147, 150, 223, 224, 225, 226, 234, 235, 252, 253, 254, 255, 256, 257, 263, 271, 272, 273, 274, 275, 276, 279, 287, 288, 289, 290, 291, 292, 295], "excluded_lines": [], "functions": {"SQLiteClient.__init__": {"executed_lines": [20, 22, 23, 24, 26, 28, 29, 30], "summary": {"covered_lines": 8, "num_statements": 9, "percent_covered": 88.88888888888889, "percent_covered_display": "89", "missing_lines": 1, "excluded_lines": 0, "percent_statements_covered": 88.88888888888889, "percent_statements_covered_display": "89"}, "missing_lines": [25], "excluded_lines": [], "start_line": 14}, "SQLiteClient._init_db": {"executed_lines": [38, 39, 42, 52, 79, 92, 101, 115, 119, 123, 124], "summary": {"covered_lines": 11, "num_statements": 11, "percent_covered": 100.0, "percent_covered_display": "100", "missing_lines": 0, "excluded_lines": 0, "percent_statements_covered": 100.0, "percent_statements_covered_display": "100"}, "missing_lines": [], "excluded_lines": [], "start_line": 36}, "SQLiteClient.get_flow_state": {"executed_lines": [], "summary": {"covered_lines": 0, "num_statements": 10, "percent_covered": 0.0, "percent_covered_display": "0", "missing_lines": 10, "excluded_lines": 0, "percent_statements_covered": 0.0, "percent_statements_covered_display": "0"}, "missing_lines": [137, 138, 139, 140, 141, 142, 143, 146, 147, 150], "excluded_lines": [], "start_line": 128}, "SQLiteClient.update_flow_state": {"executed_lines": [159, 160, 162, 163, 165, 167, 168, 170, 176, 177, 178, 179], "summary": {"covered_lines": 12, "num_statements": 12, "percent_covered": 100.0, "percent_covered_display": "100", "missing_lines": 0, "excluded_lines": 0, "percent_statements_covered": 100.0, "percent_statements_covered_display": "100"}, "missing_lines": [], "excluded_lines": [], "start_line": 152}, "SQLiteClient.add_event": {"executed_lines": [197, 198, 199, 200, 207, 208], "summary": {"covered_lines": 6, "num_statements": 6, "percent_covered": 100.0, "percent_covered_display": "100", "missing_lines": 0, "excluded_lines": 0, "percent_statements_covered": 100.0, "percent_statements_covered_display": "100"}, "missing_lines": [], "excluded_lines": [], "start_line": 186}, "SQLiteClient.add_issue_link": {"executed_lines": [], "summary": {"covered_lines": 0, "num_statements": 6, "percent_covered": 0.0, "percent_covered_display": "0", "missing_lines": 6, "excluded_lines": 0, "percent_statements_covered": 0.0, "percent_statements_covered_display": "0"}, "missing_lines": [223, 224, 225, 226, 234, 235], "excluded_lines": [], "start_line": 215}, "SQLiteClient.get_issue_links": {"executed_lines": [], "summary": {"covered_lines": 0, "num_statements": 7, "percent_covered": 0.0, "percent_covered_display": "0", "missing_lines": 7, "excluded_lines": 0, "percent_statements_covered": 0.0, "percent_statements_covered_display": "0"}, "missing_lines": [252, 253, 254, 255, 256, 257, 263], "excluded_lines": [], "start_line": 243}, "SQLiteClient.get_active_flows": {"executed_lines": [], "summary": {"covered_lines": 0, "num_statements": 7, "percent_covered": 0.0, "percent_covered_display": "0", "missing_lines": 7, "excluded_lines": 0, "percent_statements_covered": 0.0, "percent_statements_covered_display": "0"}, "missing_lines": [271, 272, 273, 274, 275, 276, 279], "excluded_lines": [], "start_line": 265}, "SQLiteClient.get_all_flows": {"executed_lines": [], "summary": {"covered_lines": 0, "num_statements": 7, "percent_covered": 0.0, "percent_covered_display": "0", "missing_lines": 7, "excluded_lines": 0, "percent_statements_covered": 0.0, "percent_statements_covered_display": "0"}, "missing_lines": [287, 288, 289, 290, 291, 292, 295], "excluded_lines": [], "start_line": 281}, "": {"executed_lines": [3, 4, 5, 6, 8, 11, 14, 36, 128, 152, 186, 215, 243, 265, 281], "summary": {"covered_lines": 15, "num_statements": 15, "percent_covered": 100.0, "percent_covered_display": "100", "missing_lines": 0, "excluded_lines": 0, "percent_statements_covered": 100.0, "percent_statements_covered_display": "100"}, "missing_lines": [], "excluded_lines": [], "start_line": 1}}, "classes": {"SQLiteClient": {"executed_lines": [20, 22, 23, 24, 26, 28, 29, 30, 38, 39, 42, 52, 79, 92, 101, 115, 119, 123, 124, 159, 160, 162, 163, 165, 167, 168, 170, 176, 177, 178, 179, 197, 198, 199, 200, 207, 208], "summary": {"covered_lines": 37, "num_statements": 75, "percent_covered": 49.333333333333336, "percent_covered_display": "49", "missing_lines": 38, "excluded_lines": 0, "percent_statements_covered": 49.333333333333336, "percent_statements_covered_display": "49"}, "missing_lines": [25, 137, 138, 139, 140, 141, 142, 143, 146, 147, 150, 223, 224, 225, 226, 234, 235, 252, 253, 254, 255, 256, 257, 263, 271, 272, 273, 274, 275, 276, 279, 287, 288, 289, 290, 291, 292, 295], "excluded_lines": [], "start_line": 11}, "": {"executed_lines": [3, 4, 5, 6, 8, 11, 14, 36, 128, 152, 186, 215, 243, 265, 281], "summary": {"covered_lines": 15, "num_statements": 15, "percent_covered": 100.0, "percent_covered_display": "100", "missing_lines": 0, "excluded_lines": 0, "percent_statements_covered": 100.0, "percent_statements_covered_display": "100"}, "missing_lines": [], "excluded_lines": [], "start_line": 1}}}, "src/vibe3/commands/__init__.py": {"executed_lines": [3, 5], "summary": {"covered_lines": 2, "num_statements": 2, "percent_covered": 100.0, "percent_covered_display": "100", "missing_lines": 0, "excluded_lines": 0, "percent_statements_covered": 100.0, "percent_statements_covered_display": "100"}, "missing_lines": [], "excluded_lines": [], "functions": {"": {"executed_lines": [3, 5], "summary": {"covered_lines": 2, "num_statements": 2, "percent_covered": 100.0, "percent_covered_display": "100", "missing_lines": 0, "excluded_lines": 0, "percent_statements_covered": 100.0, "percent_statements_covered_display": "100"}, "missing_lines": [], "excluded_lines": [], "start_line": 1}}, "classes": {"": {"executed_lines": [3, 5], "summary": {"covered_lines": 2, "num_statements": 2, "percent_covered": 100.0, "percent_covered_display": "100", "missing_lines": 0, "excluded_lines": 0, "percent_statements_covered": 100.0, "percent_statements_covered_display": "100"}, "missing_lines": [], "excluded_lines": [], "start_line": 1}}}, "src/vibe3/commands/flow.py": {"executed_lines": [4, 5, 6, 8, 9, 11, 12, 13, 14, 15, 23, 30, 31, 35, 36, 70, 71, 104, 105, 137, 138, 169, 170], "summary": {"covered_lines": 23, "num_statements": 92, "percent_covered": 25.0, "percent_covered_display": "25", "missing_lines": 69, "excluded_lines": 0, "percent_statements_covered": 25.0, "percent_statements_covered_display": "25"}, "missing_lines": [32, 46, 47, 49, 54, 55, 59, 60, 61, 62, 64, 65, 67, 80, 81, 83, 88, 89, 93, 94, 95, 96, 98, 99, 101, 113, 114, 116, 117, 118, 122, 123, 124, 125, 127, 128, 129, 131, 132, 134, 145, 146, 148, 149, 150, 154, 155, 156, 157, 159, 160, 161, 163, 164, 165, 166, 181, 182, 184, 185, 186, 190, 191, 193, 194, 195, 197, 198, 202], "excluded_lines": [], "functions": {"_noop": {"executed_lines": [], "summary": {"covered_lines": 0, "num_statements": 1, "percent_covered": 0.0, "percent_covered_display": "0", "missing_lines": 1, "excluded_lines": 0, "percent_statements_covered": 0.0, "percent_statements_covered_display": "0"}, "missing_lines": [32], "excluded_lines": [], "start_line": 31}, "new": {"executed_lines": [], "summary": {"covered_lines": 0, "num_statements": 12, "percent_covered": 0.0, "percent_covered_display": "0", "missing_lines": 12, "excluded_lines": 0, "percent_statements_covered": 0.0, "percent_statements_covered_display": "0"}, "missing_lines": [46, 47, 49, 54, 55, 59, 60, 61, 62, 64, 65, 67], "excluded_lines": [], "start_line": 36}, "bind": {"executed_lines": [], "summary": {"covered_lines": 0, "num_statements": 12, "percent_covered": 0.0, "percent_covered_display": "0", "missing_lines": 12, "excluded_lines": 0, "percent_statements_covered": 0.0, "percent_statements_covered_display": "0"}, "missing_lines": [80, 81, 83, 88, 89, 93, 94, 95, 96, 98, 99, 101], "excluded_lines": [], "start_line": 71}, "show": {"executed_lines": [], "summary": {"covered_lines": 0, "num_statements": 15, "percent_covered": 0.0, "percent_covered_display": "0", "missing_lines": 15, "excluded_lines": 0, "percent_statements_covered": 0.0, "percent_statements_covered_display": "0"}, "missing_lines": [113, 114, 116, 117, 118, 122, 123, 124, 125, 127, 128, 129, 131, 132, 134], "excluded_lines": [], "start_line": 105}, "status": {"executed_lines": [], "summary": {"covered_lines": 0, "num_statements": 16, "percent_covered": 0.0, "percent_covered_display": "0", "missing_lines": 16, "excluded_lines": 0, "percent_statements_covered": 0.0, "percent_statements_covered_display": "0"}, "missing_lines": [145, 146, 148, 149, 150, 154, 155, 156, 157, 159, 160, 161, 163, 164, 165, 166], "excluded_lines": [], "start_line": 138}, "list": {"executed_lines": [], "summary": {"covered_lines": 0, "num_statements": 13, "percent_covered": 0.0, "percent_covered_display": "0", "missing_lines": 13, "excluded_lines": 0, "percent_statements_covered": 0.0, "percent_statements_covered_display": "0"}, "missing_lines": [181, 182, 184, 185, 186, 190, 191, 193, 194, 195, 197, 198, 202], "excluded_lines": [], "start_line": 170}, "": {"executed_lines": [4, 5, 6, 8, 9, 11, 12, 13, 14, 15, 23, 30, 31, 35, 36, 70, 71, 104, 105, 137, 138, 169, 170], "summary": {"covered_lines": 23, "num_statements": 23, "percent_covered": 100.0, "percent_covered_display": "100", "missing_lines": 0, "excluded_lines": 0, "percent_statements_covered": 100.0, "percent_statements_covered_display": "100"}, "missing_lines": [], "excluded_lines": [], "start_line": 1}}, "classes": {"": {"executed_lines": [4, 5, 6, 8, 9, 11, 12, 13, 14, 15, 23, 30, 31, 35, 36, 70, 71, 104, 105, 137, 138, 169, 170], "summary": {"covered_lines": 23, "num_statements": 92, "percent_covered": 25.0, "percent_covered_display": "25", "missing_lines": 69, "excluded_lines": 0, "percent_statements_covered": 25.0, "percent_statements_covered_display": "25"}, "missing_lines": [32, 46, 47, 49, 54, 55, 59, 60, 61, 62, 64, 65, 67, 80, 81, 83, 88, 89, 93, 94, 95, 96, 98, 99, 101, 113, 114, 116, 117, 118, 122, 123, 124, 125, 127, 128, 129, 131, 132, 134, 145, 146, 148, 149, 150, 154, 155, 156, 157, 159, 160, 161, 163, 164, 165, 166, 181, 182, 184, 185, 186, 190, 191, 193, 194, 195, 197, 198, 202], "excluded_lines": [], "start_line": 1}}}, "src/vibe3/commands/hooks.py": {"executed_lines": [3, 4, 5, 7, 8, 10, 12, 17, 20, 21, 26, 27, 29, 30, 32, 33, 34, 36, 39, 40, 41, 43, 44, 47, 48, 53, 54, 56, 58, 59, 60, 61], "summary": {"covered_lines": 32, "num_statements": 36, "percent_covered": 88.88888888888889, "percent_covered_display": "89", "missing_lines": 4, "excluded_lines": 0, "percent_statements_covered": 88.88888888888889, "percent_statements_covered_display": "89"}, "missing_lines": [37, 42, 63, 64], "excluded_lines": [], "functions": {"install_hooks": {"executed_lines": [26, 27, 29, 30, 32, 33, 34, 36, 39, 40, 41, 43, 44], "summary": {"covered_lines": 13, "num_statements": 15, "percent_covered": 86.66666666666667, "percent_covered_display": "87", "missing_lines": 2, "excluded_lines": 0, "percent_statements_covered": 86.66666666666667, "percent_statements_covered_display": "87"}, "missing_lines": [37, 42], "excluded_lines": [], "start_line": 21}, "uninstall_hooks": {"executed_lines": [53, 54, 56, 58, 59, 60, 61], "summary": {"covered_lines": 7, "num_statements": 9, "percent_covered": 77.77777777777777, "percent_covered_display": "78", "missing_lines": 2, "excluded_lines": 0, "percent_statements_covered": 77.77777777777777, "percent_statements_covered_display": "78"}, "missing_lines": [63, 64], "excluded_lines": [], "start_line": 48}, "": {"executed_lines": [3, 4, 5, 7, 8, 10, 12, 17, 20, 21, 47, 48], "summary": {"covered_lines": 12, "num_statements": 12, "percent_covered": 100.0, "percent_covered_display": "100", "missing_lines": 0, "excluded_lines": 0, "percent_statements_covered": 100.0, "percent_statements_covered_display": "100"}, "missing_lines": [], "excluded_lines": [], "start_line": 1}}, "classes": {"": {"executed_lines": [3, 4, 5, 7, 8, 10, 12, 17, 20, 21, 26, 27, 29, 30, 32, 33, 34, 36, 39, 40, 41, 43, 44, 47, 48, 53, 54, 56, 58, 59, 60, 61], "summary": {"covered_lines": 32, "num_statements": 36, "percent_covered": 88.88888888888889, "percent_covered_display": "89", "missing_lines": 4, "excluded_lines": 0, "percent_statements_covered": 88.88888888888889, "percent_statements_covered_display": "89"}, "missing_lines": [37, 42, 63, 64], "excluded_lines": [], "start_line": 1}}}, "src/vibe3/commands/inspect.py": {"executed_lines": [3, 4, 6, 8, 9, 14, 16, 23, 24, 29, 30, 35, 38, 40, 41, 42, 44, 45, 46, 47, 51, 55, 57, 58, 62, 66, 68, 74, 75, 81, 84, 85, 86, 89, 90, 91, 92, 93, 97, 99, 100, 101, 103, 104, 105, 109, 112, 113, 114, 120, 121, 132, 135, 136, 138, 139, 140, 142, 143, 144, 145, 146, 149, 150, 163, 166, 167, 168, 170, 172, 176, 177, 178, 179, 183, 184, 193, 196, 198, 199, 200, 202, 203, 204, 205, 206, 207, 208, 211, 212, 221, 224, 226, 230, 231, 232, 233, 234, 235, 238, 239, 248, 251, 253, 257, 258, 259, 260, 261, 262], "summary": {"covered_lines": 110, "num_statements": 133, "percent_covered": 82.70676691729324, "percent_covered_display": "83", "missing_lines": 23, "excluded_lines": 0, "percent_statements_covered": 82.70676691729324, "percent_statements_covered_display": "83"}, "missing_lines": [36, 69, 70, 71, 82, 87, 94, 102, 106, 107, 110, 133, 164, 173, 174, 180, 194, 222, 227, 228, 249, 254, 255], "excluded_lines": [], "functions": {"metrics": {"executed_lines": [35, 38, 40, 41, 42, 44, 45, 46, 47, 51, 55, 57, 58, 62, 66, 68], "summary": {"covered_lines": 16, "num_statements": 20, "percent_covered": 80.0, "percent_covered_display": "80", "missing_lines": 4, "excluded_lines": 0, "percent_statements_covered": 80.0, "percent_statements_covered_display": "80"}, "missing_lines": [36, 69, 70, 71], "excluded_lines": [], "start_line": 30}, "structure": {"executed_lines": [81, 84, 85, 86, 89, 90, 91, 92, 93, 97, 99, 100, 101, 103, 104, 105, 109, 112, 113, 114], "summary": {"covered_lines": 20, "num_statements": 27, "percent_covered": 74.07407407407408, "percent_covered_display": "74", "missing_lines": 7, "excluded_lines": 0, "percent_statements_covered": 74.07407407407408, "percent_statements_covered_display": "74"}, "missing_lines": [82, 87, 94, 102, 106, 107, 110], "excluded_lines": [], "start_line": 75}, "symbols": {"executed_lines": [132, 135, 136, 138, 139, 140, 142, 143, 144, 145, 146], "summary": {"covered_lines": 11, "num_statements": 12, "percent_covered": 91.66666666666667, "percent_covered_display": "92", "missing_lines": 1, "excluded_lines": 0, "percent_statements_covered": 91.66666666666667, "percent_statements_covered_display": "92"}, "missing_lines": [133], "excluded_lines": [], "start_line": 121}, "commands": {"executed_lines": [163, 166, 167, 168, 170, 172, 176, 177, 178, 179], "summary": {"covered_lines": 10, "num_statements": 14, "percent_covered": 71.42857142857143, "percent_covered_display": "71", "missing_lines": 4, "excluded_lines": 0, "percent_statements_covered": 71.42857142857143, "percent_statements_covered_display": "71"}, "missing_lines": [164, 173, 174, 180], "excluded_lines": [], "start_line": 150}, "pr": {"executed_lines": [193, 196, 198, 199, 200, 202, 203, 204, 205, 206, 207, 208], "summary": {"covered_lines": 12, "num_statements": 13, "percent_covered": 92.3076923076923, "percent_covered_display": "92", "missing_lines": 1, "excluded_lines": 0, "percent_statements_covered": 92.3076923076923, "percent_statements_covered_display": "92"}, "missing_lines": [194], "excluded_lines": [], "start_line": 184}, "commit": {"executed_lines": [221, 224, 226, 230, 231, 232, 233, 234, 235], "summary": {"covered_lines": 9, "num_statements": 12, "percent_covered": 75.0, "percent_covered_display": "75", "missing_lines": 3, "excluded_lines": 0, "percent_statements_covered": 75.0, "percent_statements_covered_display": "75"}, "missing_lines": [222, 227, 228], "excluded_lines": [], "start_line": 212}, "base": {"executed_lines": [248, 251, 253, 257, 258, 259, 260, 261, 262], "summary": {"covered_lines": 9, "num_statements": 12, "percent_covered": 75.0, "percent_covered_display": "75", "missing_lines": 3, "excluded_lines": 0, "percent_statements_covered": 75.0, "percent_statements_covered_display": "75"}, "missing_lines": [249, 254, 255], "excluded_lines": [], "start_line": 239}, "": {"executed_lines": [3, 4, 6, 8, 9, 14, 16, 23, 24, 29, 30, 74, 75, 120, 121, 149, 150, 183, 184, 211, 212, 238, 239], "summary": {"covered_lines": 23, "num_statements": 23, "percent_covered": 100.0, "percent_covered_display": "100", "missing_lines": 0, "excluded_lines": 0, "percent_statements_covered": 100.0, "percent_statements_covered_display": "100"}, "missing_lines": [], "excluded_lines": [], "start_line": 1}}, "classes": {"": {"executed_lines": [3, 4, 6, 8, 9, 14, 16, 23, 24, 29, 30, 35, 38, 40, 41, 42, 44, 45, 46, 47, 51, 55, 57, 58, 62, 66, 68, 74, 75, 81, 84, 85, 86, 89, 90, 91, 92, 93, 97, 99, 100, 101, 103, 104, 105, 109, 112, 113, 114, 120, 121, 132, 135, 136, 138, 139, 140, 142, 143, 144, 145, 146, 149, 150, 163, 166, 167, 168, 170, 172, 176, 177, 178, 179, 183, 184, 193, 196, 198, 199, 200, 202, 203, 204, 205, 206, 207, 208, 211, 212, 221, 224, 226, 230, 231, 232, 233, 234, 235, 238, 239, 248, 251, 253, 257, 258, 259, 260, 261, 262], "summary": {"covered_lines": 110, "num_statements": 133, "percent_covered": 82.70676691729324, "percent_covered_display": "83", "missing_lines": 23, "excluded_lines": 0, "percent_statements_covered": 82.70676691729324, "percent_statements_covered_display": "83"}, "missing_lines": [36, 69, 70, 71, 82, 87, 94, 102, 106, 107, 110, 133, 164, 173, 174, 180, 194, 222, 227, 228, 249, 254, 255], "excluded_lines": [], "start_line": 1}}}, "src/vibe3/commands/inspect_helpers.py": {"executed_lines": [3, 4, 6, 8, 9, 10, 11, 14, 41], "summary": {"covered_lines": 9, "num_statements": 40, "percent_covered": 22.5, "percent_covered_display": "22", "missing_lines": 31, "excluded_lines": 0, "percent_statements_covered": 22.5, "percent_statements_covered_display": "22"}, "missing_lines": [16, 18, 19, 21, 23, 24, 26, 27, 28, 29, 33, 34, 35, 36, 38, 51, 53, 56, 60, 61, 62, 63, 65, 68, 69, 72, 73, 74, 77, 93, 95], "excluded_lines": [], "functions": {"enable_trace": {"executed_lines": [], "summary": {"covered_lines": 0, "num_statements": 6, "percent_covered": 0.0, "percent_covered_display": "0", "missing_lines": 6, "excluded_lines": 0, "percent_statements_covered": 0.0, "percent_statements_covered_display": "0"}, "missing_lines": [16, 18, 19, 21, 23, 38], "excluded_lines": [], "start_line": 14}, "enable_trace._tracer": {"executed_lines": [], "summary": {"covered_lines": 0, "num_statements": 9, "percent_covered": 0.0, "percent_covered_display": "0", "missing_lines": 9, "excluded_lines": 0, "percent_statements_covered": 0.0, "percent_statements_covered_display": "0"}, "missing_lines": [24, 26, 27, 28, 29, 33, 34, 35, 36], "excluded_lines": [], "start_line": 23}, "build_change_analysis": {"executed_lines": [], "summary": {"covered_lines": 0, "num_statements": 16, "percent_covered": 0.0, "percent_covered_display": "0", "missing_lines": 16, "excluded_lines": 0, "percent_statements_covered": 0.0, "percent_statements_covered_display": "0"}, "missing_lines": [51, 53, 56, 60, 61, 62, 63, 65, 68, 69, 72, 73, 74, 77, 93, 95], "excluded_lines": [], "start_line": 41}, "": {"executed_lines": [3, 4, 6, 8, 9, 10, 11, 14, 41], "summary": {"covered_lines": 9, "num_statements": 9, "percent_covered": 100.0, "percent_covered_display": "100", "missing_lines": 0, "excluded_lines": 0, "percent_statements_covered": 100.0, "percent_statements_covered_display": "100"}, "missing_lines": [], "excluded_lines": [], "start_line": 1}}, "classes": {"": {"executed_lines": [3, 4, 6, 8, 9, 10, 11, 14, 41], "summary": {"covered_lines": 9, "num_statements": 40, "percent_covered": 22.5, "percent_covered_display": "22", "missing_lines": 31, "excluded_lines": 0, "percent_statements_covered": 22.5, "percent_statements_covered_display": "22"}, "missing_lines": [16, 18, 19, 21, 23, 24, 26, 27, 28, 29, 33, 34, 35, 36, 38, 51, 53, 56, 60, 61, 62, 63, 65, 68, 69, 72, 73, 74, 77, 93, 95], "excluded_lines": [], "start_line": 1}}}, "src/vibe3/commands/metrics.py": {"executed_lines": [], "summary": {"covered_lines": 0, "num_statements": 41, "percent_covered": 0.0, "percent_covered_display": "0", "missing_lines": 41, "excluded_lines": 0, "percent_statements_covered": 0.0, "percent_statements_covered_display": "0"}, "missing_lines": [3, 4, 5, 7, 8, 9, 11, 12, 13, 15, 18, 19, 20, 23, 25, 26, 27, 28, 29, 31, 32, 33, 34, 37, 38, 45, 46, 48, 49, 50, 51, 53, 54, 56, 57, 58, 60, 61, 63, 64, 65], "excluded_lines": [], "functions": {"_noop": {"executed_lines": [], "summary": {"covered_lines": 0, "num_statements": 1, "percent_covered": 0.0, "percent_covered_display": "0", "missing_lines": 1, "excluded_lines": 0, "percent_statements_covered": 0.0, "percent_statements_covered_display": "0"}, "missing_lines": [20], "excluded_lines": [], "start_line": 19}, "_render_layer": {"executed_lines": [], "summary": {"covered_lines": 0, "num_statements": 9, "percent_covered": 0.0, "percent_covered_display": "0", "missing_lines": 9, "excluded_lines": 0, "percent_statements_covered": 0.0, "percent_statements_covered_display": "0"}, "missing_lines": [25, 26, 27, 28, 29, 31, 32, 33, 34], "excluded_lines": [], "start_line": 23}, "show": {"executed_lines": [], "summary": {"covered_lines": 0, "num_statements": 16, "percent_covered": 0.0, "percent_covered_display": "0", "missing_lines": 16, "excluded_lines": 0, "percent_statements_covered": 0.0, "percent_statements_covered_display": "0"}, "missing_lines": [45, 46, 48, 49, 50, 51, 53, 54, 56, 57, 58, 60, 61, 63, 64, 65], "excluded_lines": [], "start_line": 38}, "": {"executed_lines": [], "summary": {"covered_lines": 0, "num_statements": 15, "percent_covered": 0.0, "percent_covered_display": "0", "missing_lines": 15, "excluded_lines": 0, "percent_statements_covered": 0.0, "percent_statements_covered_display": "0"}, "missing_lines": [3, 4, 5, 7, 8, 9, 11, 12, 13, 15, 18, 19, 23, 37, 38], "excluded_lines": [], "start_line": 1}}, "classes": {"": {"executed_lines": [], "summary": {"covered_lines": 0, "num_statements": 41, "percent_covered": 0.0, "percent_covered_display": "0", "missing_lines": 41, "excluded_lines": 0, "percent_statements_covered": 0.0, "percent_statements_covered_display": "0"}, "missing_lines": [3, 4, 5, 7, 8, 9, 11, 12, 13, 15, 18, 19, 20, 23, 25, 26, 27, 28, 29, 31, 32, 33, 34, 37, 38, 45, 46, 48, 49, 50, 51, 53, 54, 56, 57, 58, 60, 61, 63, 64, 65], "excluded_lines": [], "start_line": 1}}}, "src/vibe3/commands/pr.py": {"executed_lines": [4, 5, 6, 8, 9, 11, 12, 13, 14, 15, 24, 29, 30, 35, 36, 84, 85, 116, 117, 159, 160, 197, 198, 229, 230], "summary": {"covered_lines": 25, "num_statements": 102, "percent_covered": 24.50980392156863, "percent_covered_display": "25", "missing_lines": 77, "excluded_lines": 0, "percent_statements_covered": 24.50980392156863, "percent_statements_covered_display": "25"}, "missing_lines": [32, 51, 52, 54, 59, 60, 64, 65, 66, 67, 74, 78, 79, 81, 94, 95, 97, 98, 99, 103, 104, 106, 107, 108, 110, 111, 113, 128, 129, 131, 136, 137, 141, 142, 146, 147, 148, 150, 151, 153, 154, 156, 171, 172, 174, 179, 180, 182, 183, 184, 185, 186, 188, 189, 191, 192, 194, 207, 208, 210, 215, 216, 220, 221, 223, 224, 226, 239, 240, 242, 247, 248, 252, 253, 255, 256, 258], "excluded_lines": [], "functions": {"_noop": {"executed_lines": [], "summary": {"covered_lines": 0, "num_statements": 1, "percent_covered": 0.0, "percent_covered_display": "0", "missing_lines": 1, "excluded_lines": 0, "percent_statements_covered": 0.0, "percent_statements_covered_display": "0"}, "missing_lines": [32], "excluded_lines": [], "start_line": 30}, "draft": {"executed_lines": [], "summary": {"covered_lines": 0, "num_statements": 13, "percent_covered": 0.0, "percent_covered_display": "0", "missing_lines": 13, "excluded_lines": 0, "percent_statements_covered": 0.0, "percent_statements_covered_display": "0"}, "missing_lines": [51, 52, 54, 59, 60, 64, 65, 66, 67, 74, 78, 79, 81], "excluded_lines": [], "start_line": 36}, "show": {"executed_lines": [], "summary": {"covered_lines": 0, "num_statements": 13, "percent_covered": 0.0, "percent_covered_display": "0", "missing_lines": 13, "excluded_lines": 0, "percent_statements_covered": 0.0, "percent_statements_covered_display": "0"}, "missing_lines": [94, 95, 97, 98, 99, 103, 104, 106, 107, 108, 110, 111, 113], "excluded_lines": [], "start_line": 85}, "ready": {"executed_lines": [], "summary": {"covered_lines": 0, "num_statements": 15, "percent_covered": 0.0, "percent_covered_display": "0", "missing_lines": 15, "excluded_lines": 0, "percent_statements_covered": 0.0, "percent_statements_covered_display": "0"}, "missing_lines": [128, 129, 131, 136, 137, 141, 142, 146, 147, 148, 150, 151, 153, 154, 156], "excluded_lines": [], "start_line": 117}, "merge": {"executed_lines": [], "summary": {"covered_lines": 0, "num_statements": 15, "percent_covered": 0.0, "percent_covered_display": "0", "missing_lines": 15, "excluded_lines": 0, "percent_statements_covered": 0.0, "percent_statements_covered_display": "0"}, "missing_lines": [171, 172, 174, 179, 180, 182, 183, 184, 185, 186, 188, 189, 191, 192, 194], "excluded_lines": [], "start_line": 160}, "version_bump": {"executed_lines": [], "summary": {"covered_lines": 0, "num_statements": 10, "percent_covered": 0.0, "percent_covered_display": "0", "missing_lines": 10, "excluded_lines": 0, "percent_statements_covered": 0.0, "percent_statements_covered_display": "0"}, "missing_lines": [207, 208, 210, 215, 216, 220, 221, 223, 224, 226], "excluded_lines": [], "start_line": 198}, "review": {"executed_lines": [], "summary": {"covered_lines": 0, "num_statements": 10, "percent_covered": 0.0, "percent_covered_display": "0", "missing_lines": 10, "excluded_lines": 0, "percent_statements_covered": 0.0, "percent_statements_covered_display": "0"}, "missing_lines": [239, 240, 242, 247, 248, 252, 253, 255, 256, 258], "excluded_lines": [], "start_line": 230}, "": {"executed_lines": [4, 5, 6, 8, 9, 11, 12, 13, 14, 15, 24, 29, 30, 35, 36, 84, 85, 116, 117, 159, 160, 197, 198, 229, 230], "summary": {"covered_lines": 25, "num_statements": 25, "percent_covered": 100.0, "percent_covered_display": "100", "missing_lines": 0, "excluded_lines": 0, "percent_statements_covered": 100.0, "percent_statements_covered_display": "100"}, "missing_lines": [], "excluded_lines": [], "start_line": 1}}, "classes": {"": {"executed_lines": [4, 5, 6, 8, 9, 11, 12, 13, 14, 15, 24, 29, 30, 35, 36, 84, 85, 116, 117, 159, 160, 197, 198, 229, 230], "summary": {"covered_lines": 25, "num_statements": 102, "percent_covered": 24.50980392156863, "percent_covered_display": "25", "missing_lines": 77, "excluded_lines": 0, "percent_statements_covered": 24.50980392156863, "percent_statements_covered_display": "25"}, "missing_lines": [32, 51, 52, 54, 59, 60, 64, 65, 66, 67, 74, 78, 79, 81, 94, 95, 97, 98, 99, 103, 104, 106, 107, 108, 110, 111, 113, 128, 129, 131, 136, 137, 141, 142, 146, 147, 148, 150, 151, 153, 154, 156, 171, 172, 174, 179, 180, 182, 183, 184, 185, 186, 188, 189, 191, 192, 194, 207, 208, 210, 215, 216, 220, 221, 223, 224, 226, 239, 240, 242, 247, 248, 252, 253, 255, 256, 258], "excluded_lines": [], "start_line": 1}}}, "src/vibe3/commands/review.py": {"executed_lines": [3, 4, 6, 7, 9, 10, 11, 17, 18, 20, 27, 30, 35, 36, 45, 48, 49, 52, 55, 56, 59, 67, 68, 70, 71, 76, 125, 126, 129, 130, 137, 140, 141, 143, 144, 146, 147, 148, 150, 151, 152, 154, 155, 159, 163, 164, 173, 176, 177, 179, 181, 182, 184, 191, 192, 194, 195, 199, 203, 204, 212, 215, 216, 218, 220, 221, 223, 230, 231, 233, 234, 238, 242, 243, 251, 253, 254, 256, 257, 259, 260, 261, 262, 263], "summary": {"covered_lines": 84, "num_statements": 105, "percent_covered": 80.0, "percent_covered_display": "80", "missing_lines": 21, "excluded_lines": 0, "percent_statements_covered": 80.0, "percent_statements_covered_display": "80"}, "missing_lines": [46, 77, 79, 82, 83, 90, 96, 99, 106, 109, 110, 111, 112, 113, 119, 138, 160, 174, 200, 213, 239], "excluded_lines": [], "functions": {"pr": {"executed_lines": [45, 48, 49, 52, 55, 56, 59, 67, 68, 70, 71, 76, 125, 126], "summary": {"covered_lines": 14, "num_statements": 29, "percent_covered": 48.275862068965516, "percent_covered_display": "48", "missing_lines": 15, "excluded_lines": 0, "percent_statements_covered": 48.275862068965516, "percent_statements_covered_display": "48"}, "missing_lines": [46, 77, 79, 82, 83, 90, 96, 99, 106, 109, 110, 111, 112, 113, 119], "excluded_lines": [], "start_line": 36}, "uncommitted": {"executed_lines": [137, 140, 141, 143, 144, 146, 147, 148, 150, 151, 152, 154, 155, 159], "summary": {"covered_lines": 14, "num_statements": 16, "percent_covered": 87.5, "percent_covered_display": "88", "missing_lines": 2, "excluded_lines": 0, "percent_statements_covered": 87.5, "percent_statements_covered_display": "88"}, "missing_lines": [138, 160], "excluded_lines": [], "start_line": 130}, "base": {"executed_lines": [173, 176, 177, 179, 181, 182, 184, 191, 192, 194, 195, 199], "summary": {"covered_lines": 12, "num_statements": 14, "percent_covered": 85.71428571428571, "percent_covered_display": "86", "missing_lines": 2, "excluded_lines": 0, "percent_statements_covered": 85.71428571428571, "percent_statements_covered_display": "86"}, "missing_lines": [174, 200], "excluded_lines": [], "start_line": 164}, "commit": {"executed_lines": [212, 215, 216, 218, 220, 221, 223, 230, 231, 233, 234, 238], "summary": {"covered_lines": 12, "num_statements": 14, "percent_covered": 85.71428571428571, "percent_covered_display": "86", "missing_lines": 2, "excluded_lines": 0, "percent_statements_covered": 85.71428571428571, "percent_statements_covered_display": "86"}, "missing_lines": [213, 239], "excluded_lines": [], "start_line": 204}, "analyze_commit_cmd": {"executed_lines": [251, 253, 254, 256, 257, 259, 260, 261, 262, 263], "summary": {"covered_lines": 10, "num_statements": 10, "percent_covered": 100.0, "percent_covered_display": "100", "missing_lines": 0, "excluded_lines": 0, "percent_statements_covered": 100.0, "percent_statements_covered_display": "100"}, "missing_lines": [], "excluded_lines": [], "start_line": 243}, "": {"executed_lines": [3, 4, 6, 7, 9, 10, 11, 17, 18, 20, 27, 30, 35, 36, 129, 130, 163, 164, 203, 204, 242, 243], "summary": {"covered_lines": 22, "num_statements": 22, "percent_covered": 100.0, "percent_covered_display": "100", "missing_lines": 0, "excluded_lines": 0, "percent_statements_covered": 100.0, "percent_statements_covered_display": "100"}, "missing_lines": [], "excluded_lines": [], "start_line": 1}}, "classes": {"": {"executed_lines": [3, 4, 6, 7, 9, 10, 11, 17, 18, 20, 27, 30, 35, 36, 45, 48, 49, 52, 55, 56, 59, 67, 68, 70, 71, 76, 125, 126, 129, 130, 137, 140, 141, 143, 144, 146, 147, 148, 150, 151, 152, 154, 155, 159, 163, 164, 173, 176, 177, 179, 181, 182, 184, 191, 192, 194, 195, 199, 203, 204, 212, 215, 216, 218, 220, 221, 223, 230, 231, 233, 234, 238, 242, 243, 251, 253, 254, 256, 257, 259, 260, 261, 262, 263], "summary": {"covered_lines": 84, "num_statements": 105, "percent_covered": 80.0, "percent_covered_display": "80", "missing_lines": 21, "excluded_lines": 0, "percent_statements_covered": 80.0, "percent_statements_covered_display": "80"}, "missing_lines": [46, 77, 79, 82, 83, 90, 96, 99, 106, 109, 110, 111, 112, 113, 119, 138, 160, 174, 200, 213, 239], "excluded_lines": [], "start_line": 1}}}, "src/vibe3/commands/review_helpers.py": {"executed_lines": [3, 4, 5, 6, 8, 9, 12, 37, 60], "summary": {"covered_lines": 9, "num_statements": 37, "percent_covered": 24.324324324324323, "percent_covered_display": "24", "missing_lines": 28, "excluded_lines": 0, "percent_statements_covered": 24.324324324324323, "percent_statements_covered_display": "24"}, "missing_lines": [14, 15, 17, 19, 20, 22, 23, 24, 25, 29, 30, 31, 32, 34, 49, 54, 55, 56, 57, 72, 73, 81, 82, 83, 84, 85, 86, 87], "excluded_lines": [], "functions": {"enable_trace": {"executed_lines": [], "summary": {"covered_lines": 0, "num_statements": 5, "percent_covered": 0.0, "percent_covered_display": "0", "missing_lines": 5, "excluded_lines": 0, "percent_statements_covered": 0.0, "percent_statements_covered_display": "0"}, "missing_lines": [14, 15, 17, 19, 34], "excluded_lines": [], "start_line": 12}, "enable_trace._tracer": {"executed_lines": [], "summary": {"covered_lines": 0, "num_statements": 9, "percent_covered": 0.0, "percent_covered_display": "0", "missing_lines": 9, "excluded_lines": 0, "percent_statements_covered": 0.0, "percent_statements_covered_display": "0"}, "missing_lines": [20, 22, 23, 24, 25, 29, 30, 31, 32], "excluded_lines": [], "start_line": 19}, "run_inspect_json": {"executed_lines": [], "summary": {"covered_lines": 0, "num_statements": 5, "percent_covered": 0.0, "percent_covered_display": "0", "missing_lines": 5, "excluded_lines": 0, "percent_statements_covered": 0.0, "percent_statements_covered_display": "0"}, "missing_lines": [49, 54, 55, 56, 57], "excluded_lines": [], "start_line": 37}, "call_codex": {"executed_lines": [], "summary": {"covered_lines": 0, "num_statements": 9, "percent_covered": 0.0, "percent_covered_display": "0", "missing_lines": 9, "excluded_lines": 0, "percent_statements_covered": 0.0, "percent_statements_covered_display": "0"}, "missing_lines": [72, 73, 81, 82, 83, 84, 85, 86, 87], "excluded_lines": [], "start_line": 60}, "": {"executed_lines": [3, 4, 5, 6, 8, 9, 12, 37, 60], "summary": {"covered_lines": 9, "num_statements": 9, "percent_covered": 100.0, "percent_covered_display": "100", "missing_lines": 0, "excluded_lines": 0, "percent_statements_covered": 100.0, "percent_statements_covered_display": "100"}, "missing_lines": [], "excluded_lines": [], "start_line": 1}}, "classes": {"": {"executed_lines": [3, 4, 5, 6, 8, 9, 12, 37, 60], "summary": {"covered_lines": 9, "num_statements": 37, "percent_covered": 24.324324324324323, "percent_covered_display": "24", "missing_lines": 28, "excluded_lines": 0, "percent_statements_covered": 24.324324324324323, "percent_statements_covered_display": "24"}, "missing_lines": [14, 15, 17, 19, 20, 22, 23, 24, 25, 29, 30, 31, 32, 34, 49, 54, 55, 56, 57, 72, 73, 81, 82, 83, 84, 85, 86, 87], "excluded_lines": [], "start_line": 1}}}, "src/vibe3/commands/structure.py": {"executed_lines": [], "summary": {"covered_lines": 0, "num_statements": 35, "percent_covered": 0.0, "percent_covered_display": "0", "missing_lines": 35, "excluded_lines": 0, "percent_statements_covered": 0.0, "percent_statements_covered_display": "0"}, "missing_lines": [3, 4, 5, 7, 8, 9, 11, 12, 13, 15, 18, 19, 20, 23, 24, 32, 33, 35, 
[...]
atements_covered": 97.43589743589743, "percent_statements_covered_display": "97"}, "missing_lines": [121], "excluded_lines": [], "functions": {"TaskService.__init__": {"executed_lines": [20], "summary": {"covered_lines": 1, "num_statements": 1, "percent_covered": 100.0, "percent_covered_display": "100", "missing_lines": 0, "excluded_lines": 0, "percent_statements_covered": 100.0, "percent_statements_covered_display": "100"}, "missing_lines": [], "excluded_lines": [], "start_line": 14}, "TaskService.link_issue": {"executed_lines": [40, 50, 53, 54, 61, 68], "summary": {"covered_lines": 6, "num_statements": 6, "percent_covered": 100.0, "percent_covered_display": "100", "missing_lines": 0, "excluded_lines": 0, "percent_statements_covered": 100.0, "percent_statements_covered_display": "100"}, "missing_lines": [], "excluded_lines": [], "start_line": 22}, "TaskService.update_task_status": {"executed_lines": [90, 99, 100, 101, 104, 111, 119, 120, 123], "summary": {"covered_lines": 9, "num_statements": 10, "percent_covered": 90.0, "percent_covered_display": "90", "missing_lines": 1, "excluded_lines": 0, "percent_statements_covered": 90.0, "percent_statements_covered_display": "90"}, "missing_lines": [121], "excluded_lines": [], "start_line": 74}, "TaskService.get_task": {"executed_lines": [134, 140, 141, 142, 144], "summary": {"covered_lines": 5, "num_statements": 5, "percent_covered": 100.0, "percent_covered_display": "100", "missing_lines": 0, "excluded_lines": 0, "percent_statements_covered": 100.0, "percent_statements_covered_display": "100"}, "missing_lines": [], "excluded_lines": [], "start_line": 125}, "TaskService.set_next_step": {"executed_lines": [162, 171, 178, 186, 187, 188, 190], "summary": {"covered_lines": 7, "num_statements": 7, "percent_covered": 100.0, "percent_covered_display": "100", "missing_lines": 0, "excluded_lines": 0, "percent_statements_covered": 100.0, "percent_statements_covered_display": "100"}, "missing_lines": [], "excluded_lines": [], "start_line": 146}, "": {"executed_lines": [3, 5, 7, 8, 11, 14, 22, 74, 125, 146], "summary": {"covered_lines": 10, "num_statements": 10, "percent_covered": 100.0, "percent_covered_display": "100", "missing_lines": 0, "excluded_lines": 0, "percent_statements_covered": 100.0, "percent_statements_covered_display": "100"}, "missing_lines": [], "excluded_lines": [], "start_line": 1}}, "classes": {"TaskService": {"executed_lines": [20, 40, 50, 53, 54, 61, 68, 90, 99, 100, 101, 104, 111, 119, 120, 123, 134, 140, 141, 142, 144, 162, 171, 178, 186, 187, 188, 190], "summary": {"covered_lines": 28, "num_statements": 29, "percent_covered": 96.55172413793103, "percent_covered_display": "97", "missing_lines": 1, "excluded_lines": 0, "percent_statements_covered": 96.55172413793103, "percent_statements_covered_display": "97"}, "missing_lines": [121], "excluded_lines": [], "start_line": 11}, "": {"executed_lines": [3, 5, 7, 8, 11, 14, 22, 74, 125, 146], "summary": {"covered_lines": 10, "num_statements": 10, "percent_covered": 100.0, "percent_covered_display": "100", "missing_lines": 0, "excluded_lines": 0, "percent_statements_covered": 100.0, "percent_statements_covered_display": "100"}, "missing_lines": [], "excluded_lines": [], "start_line": 1}}}, "src/vibe3/services/version_service.py": {"executed_lines": [3, 5, 8, 11, 17, 19, 20, 21, 23, 33, 34, 36, 37, 40, 42, 62, 63, 66, 67, 68, 69, 70, 71, 72, 73, 74, 77, 78, 80, 82, 89, 102, 103, 105, 106, 107, 109, 111, 115, 116, 117, 118, 119, 121], "summary": {"covered_lines": 44, "num_statements": 48, "percent_covered": 91.66666666666667, "percent_covered_display": "92", "missing_lines": 4, "excluded_lines": 0, "percent_statements_covered": 91.66666666666667, "percent_statements_covered_display": "92"}, "missing_lines": [38, 112, 113, 114], "excluded_lines": [], "functions": {"VersionService.__init__": {"executed_lines": [17, 19, 20, 21], "summary": {"covered_lines": 4, "num_statements": 4, "percent_covered": 100.0, "percent_covered_display": "100", "missing_lines": 0, "excluded_lines": 0, "percent_statements_covered": 100.0, "percent_statements_covered_display": "100"}, "missing_lines": [], "excluded_lines": [], "start_line": 11}, "VersionService.get_current_version": {"executed_lines": [33, 34, 36, 37, 40], "summary": {"covered_lines": 5, "num_statements": 6, "percent_covered": 83.33333333333333, "percent_covered_display": "83", "missing_lines": 1, "excluded_lines": 0, "percent_statements_covered": 83.33333333333333, "percent_statements_covered_display": "83"}, "missing_lines": [38], "excluded_lines": [], "start_line": 23}, "VersionService.calculate_bump": {"executed_lines": [62, 63, 66, 67, 68, 69, 70, 71, 72, 73, 74, 77, 78, 80, 82], "summary": {"covered_lines": 15, "num_statements": 15, "percent_covered": 100.0, "percent_covered_display": "100", "missing_lines": 0, "excluded_lines": 0, "percent_statements_covered": 100.0, "percent_statements_covered_display": "100"}, "missing_lines": [], "excluded_lines": [], "start_line": 42}, "VersionService._calculate_next_version": {"executed_lines": [102, 103, 105, 106, 107, 109, 111, 115, 116, 117, 118, 119, 121], "summary": {"covered_lines": 13, "num_statements": 16, "percent_covered": 81.25, "percent_covered_display": "81", "missing_lines": 3, "excluded_lines": 0, "percent_statements_covered": 81.25, "percent_statements_covered_display": "81"}, "missing_lines": [112, 113, 114], "excluded_lines": [], "start_line": 89}, "": {"executed_lines": [3, 5, 8, 11, 23, 42, 89], "summary": {"covered_lines": 7, "num_statements": 7, "percent_covered": 100.0, "percent_covered_display": "100", "missing_lines": 0, "excluded_lines": 0, "percent_statements_covered": 100.0, "percent_statements_covered_display": "100"}, "missing_lines": [], "excluded_lines": [], "start_line": 1}}, "classes": {"VersionService": {"executed_lines": [17, 19, 20, 21, 33, 34, 36, 37, 40, 62, 63, 66, 67, 68, 69, 70, 71, 72, 73, 74, 77, 78, 80, 82, 102, 103, 105, 106, 107, 109, 111, 115, 116, 117, 118, 119, 121], "summary": {"covered_lines": 37, "num_statements": 41, "percent_covered": 90.2439024390244, "percent_covered_display": "90", "missing_lines": 4, "excluded_lines": 0, "percent_statements_covered": 90.2439024390244, "percent_statements_covered_display": "90"}, "missing_lines": [38, 112, 113, 114], "excluded_lines": [], "start_line": 8}, "": {"executed_lines": [3, 5, 8, 11, 23, 42, 89], "summary": {"covered_lines": 7, "num_statements": 7, "percent_covered": 100.0, "percent_covered_display": "100", "missing_lines": 0, "excluded_lines": 0, "percent_statements_covered": 100.0, "percent_statements_covered_display": "100"}, "missing_lines": [], "excluded_lines": [], "start_line": 1}}}, "src/vibe3/ui/console.py": {"executed_lines": [8, 11], "summary": {"covered_lines": 2, "num_statements": 2, "percent_covered": 100.0, "percent_covered_display": "100", "missing_lines": 0, "excluded_lines": 0, "percent_statements_covered": 100.0, "percent_statements_covered_display": "100"}, "missing_lines": [], "excluded_lines": [], "functions": {"": {"executed_lines": [8, 11], "summary": {"covered_lines": 2, "num_statements": 2, "percent_covered": 100.0, "percent_covered_display": "100", "missing_lines": 0, "excluded_lines": 0, "percent_statements_covered": 100.0, "percent_statements_covered_display": "100"}, "missing_lines": [], "excluded_lines": [], "start_line": 1}}, "classes": {"": {"executed_lines": [8, 11], "summary": {"covered_lines": 2, "num_statements": 2, "percent_covered": 100.0, "percent_covered_display": "100", "missing_lines": 0, "excluded_lines": 0, "percent_statements_covered": 100.0, "percent_statements_covered_display": "100"}, "missing_lines": [], "excluded_lines": [], "start_line": 1}}}, "src/vibe3/ui/flow_ui.py": {"executed_lines": [3, 4, 5, 6, 8, 16, 21, 28, 33, 51, 56, 67, 71, 75, 79], "summary": {"covered_lines": 15, "num_statements": 49, "percent_covered": 30.612244897959183, "percent_covered_display": "31", "missing_lines": 34, "excluded_lines": 0, "percent_statements_covered": 30.612244897959183, "percent_statements_covered_display": "31"}, "missing_lines": [17, 18, 22, 23, 24, 25, 29, 30, 35, 36, 37, 38, 39, 40, 41, 42, 43, 44, 45, 46, 47, 48, 53, 58, 59, 60, 61, 62, 63, 64, 68, 72, 76, 80], "excluded_lines": [], "functions": {"_status_text": {"executed_lines": [], "summary": {"covered_lines": 0, "num_statements": 2, "percent_covered": 0.0, "percent_covered_display": "0", "missing_lines": 2, "excluded_lines": 0, "percent_statements_covered": 0.0, "percent_statements_covered_display": "0"}, "missing_lines": [17, 18], "excluded_lines": [], "start_line": 16}, "render_flow_created": {"executed_lines": [], "summary": {"covered_lines": 0, "num_statements": 4, "percent_covered": 0.0, "percent_covered_display": "0", "missing_lines": 4, "excluded_lines": 0, "percent_statements_covered": 0.0, "percent_statements_covered_display": "0"}, "missing_lines": [22, 23, 24, 25], "excluded_lines": [], "start_line": 21}, "render_flow_bound": {"executed_lines": [], "summary": {"covered_lines": 0, "num_statements": 2, "percent_covered": 0.0, "percent_covered_display": "0", "missing_lines": 2, "excluded_lines": 0, "percent_statements_covered": 0.0, "percent_statements_covered_display": "0"}, "missing_lines": [29, 30], "excluded_lines": [], "start_line": 28}, "render_flow_status": {"executed_lines": [], "summary": {"covered_lines": 0, "num_statements": 14, "percent_covered": 0.0, "percent_covered_display": "0", "missing_lines": 14, "excluded_lines": 0, "percent_statements_covered": 0.0, "percent_statements_covered_display": "0"}, "missing_lines": [35, 36, 37, 38, 39, 40, 41, 42, 43, 44, 45, 46, 47, 48], "excluded_lines": [], "start_line": 33}, "render_flow_status_table": {"executed_lines": [], "summary": {"covered_lines": 0, "num_statements": 1, "percent_covered": 0.0, "percent_covered_display": "0", "missing_lines": 1, "excluded_lines": 0, "percent_statements_covered": 0.0, "percent_statements_covered_display": "0"}, "missing_lines": [53], "excluded_lines": [], "start_line": 51}, "render_flows_table": {"executed_lines": [], "summary": {"covered_lines": 0, "num_statements": 7, "percent_covered": 0.0, "percent_covered_display": "0", "missing_lines": 7, "excluded_lines": 0, "percent_statements_covered": 0.0, "percent_statements_covered_display": "0"}, "missing_lines": [58, 59, 60, 61, 62, 63, 64], "excluded_lines": [], "start_line": 56}, "render_no_flow": {"executed_lines": [], "summary": {"covered_lines": 0, "num_statements": 1, "percent_covered": 0.0, "percent_covered_display": "0", "missing_lines": 1, "excluded_lines": 0, "percent_statements_covered": 0.0, "percent_statements_covered_display": "0"}, "missing_lines": [68], "excluded_lines": [], "start_line": 67}, "render_no_active_flow": {"executed_lines": [], "summary": {"covered_lines": 0, "num_statements": 1, "percent_covered": 0.0, "percent_covered_display": "0", "missing_lines": 1, "excluded_lines": 0, "percent_statements_covered": 0.0, "percent_statements_covered_display": "0"}, "missing_lines": [72], "excluded_lines": [], "start_line": 71}, "render_no_flows": {"executed_lines": [], "summary": {"covered_lines": 0, "num_statements": 1, "percent_covered": 0.0, "percent_covered_display": "0", "missing_lines": 1, "excluded_lines": 0, "percent_statements_covered": 0.0, "percent_statements_covered_display": "0"}, "missing_lines": [76], "excluded_lines": [], "start_line": 75}, "render_error": {"executed_lines": [], "summary": {"covered_lines": 0, "num_statements": 1, "percent_covered": 0.0, "percent_covered_display": "0", "missing_lines": 1, "excluded_lines": 0, "percent_statements_covered": 0.0, "percent_statements_covered_display": "0"}, "missing_lines": [80], "excluded_lines": [], "start_line": 79}, "": {"executed_lines": [3, 4, 5, 6, 8, 16, 21, 28, 33, 51, 56, 67, 71, 75, 79], "summary": {"covered_lines": 15, "num_statements": 15, "percent_covered": 100.0, "percent_covered_display": "100", "missing_lines": 0, "excluded_lines": 0, "percent_statements_covered": 100.0, "percent_statements_covered_display": "100"}, "missing_lines": [], "excluded_lines": [], "start_line": 1}}, "classes": {"": {"executed_lines": [3, 4, 5, 6, 8, 16, 21, 28, 33, 51, 56, 67, 71, 75, 79], "summary": {"covered_lines": 15, "num_statements": 49, "percent_covered": 30.612244897959183, "percent_covered_display": "31", "missing_lines": 34, "excluded_lines": 0, "percent_statements_covered": 30.612244897959183, "percent_statements_covered_display": "31"}, "missing_lines": [17, 18, 22, 23, 24, 25, 29, 30, 35, 36, 37, 38, 39, 40, 41, 42, 43, 44, 45, 46, 47, 48, 53, 58, 59, 60, 61, 62, 63, 64, 68, 72, 76, 80], "excluded_lines": [], "start_line": 1}}}, "src/vibe3/ui/pr_ui.py": {"executed_lines": [3, 4, 5, 8, 17, 54, 59, 64, 72, 87, 91, 95], "summary": {"covered_lines": 12, "num_statements": 65, "percent_covered": 18.46153846153846, "percent_covered_display": "18", "missing_lines": 53, "excluded_lines": 0, "percent_statements_covered": 18.46153846153846, "percent_statements_covered_display": "18"}, "missing_lines": [9, 10, 11, 12, 18, 20, 26, 27, 28, 30, 33, 35, 36, 37, 38, 39, 40, 41, 42, 43, 44, 45, 46, 48, 49, 50, 51, 55, 56, 60, 61, 65, 66, 67, 68, 69, 74, 75, 76, 77, 78, 80, 81, 82, 84, 88, 92, 96, 97, 98, 100, 101, 102], "excluded_lines": [], "functions": {"render_pr_created": {"executed_lines": [], "summary": {"covered_lines": 0, "num_statements": 4, "percent_covered": 0.0, "percent_covered_display": "0", "missing_lines": 4, "excluded_lines": 0, "percent_statements_covered": 0.0, "percent_statements_covered_display": "0"}, "missing_lines": [9, 10, 11, 12], "excluded_lines": [], "start_line": 8}, "render_pr_details": {"executed_lines": [], "summary": {"covered_lines": 0, "num_statements": 23, "percent_covered": 0.0, "percent_covered_display": "0", "missing_lines": 23, "excluded_lines": 0, "percent_statements_covered": 0.0, "percent_statements_covered_display": "0"}, "missing_lines": [18, 20, 26, 27, 28, 30, 33, 35, 36, 37, 38, 39, 40, 41, 42, 43, 44, 45, 46, 48, 49, 50, 51], "excluded_lines": [], "start_line": 17}, "render_pr_ready": {"executed_lines": [], "summary": {"covered_lines": 0, "num_statements": 2, "percent_covered": 0.0, "percent_covered_display": "0", "missing_lines": 2, "excluded_lines": 0, "percent_statements_covered": 0.0, "percent_statements_covered_display": "0"}, "missing_lines": [55, 56], "excluded_lines": [], "start_line": 54}, "render_pr_merged": {"executed_lines": [], "summary": {"covered_lines": 0, "num_statements": 2, "percent_covered": 0.0, "percent_covered_display": "0", "missing_lines": 2, "excluded_lines": 0, "percent_statements_covered": 0.0, "percent_statements_covered_display": "0"}, "missing_lines": [60, 61], "excluded_lines": [], "start_line": 59}, "render_version_bump": {"executed_lines": [], "summary": {"covered_lines": 0, "num_statements": 5, "percent_covered": 0.0, "percent_covered_display": "0", "missing_lines": 5, "excluded_lines": 0, "percent_statements_covered": 0.0, "percent_statements_covered_display": "0"}, "missing_lines": [65, 66, 67, 68, 69], "excluded_lines": [], "start_line": 64}, "render_pr_list": {"executed_lines": [], "summary": {"covered_lines": 0, "num_statements": 9, "percent_covered": 0.0, "percent_covered_display": "0", "missing_lines": 9, "excluded_lines": 0, "percent_statements_covered": 0.0, "percent_statements_covered_display": "0"}, "missing_lines": [74, 75, 76, 77, 78, 80, 81, 82, 84], "excluded_lines": [], "start_line": 72}, "render_error": {"executed_lines": [], "summary": {"covered_lines": 0, "num_statements": 1, "percent_covered": 0.0, "percent_covered_display": "0", "missing_lines": 1, "excluded_lines": 0, "percent_statements_covered": 0.0, "percent_statements_covered_display": "0"}, "missing_lines": [88], "excluded_lines": [], "start_line": 87}, "render_warning": {"executed_lines": [], "summary": {"covered_lines": 0, "num_statements": 1, "percent_covered": 0.0, "percent_covered_display": "0", "missing_lines": 1, "excluded_lines": 0, "percent_statements_covered": 0.0, "percent_statements_covered_display": "0"}, "missing_lines": [92], "excluded_lines": [], "start_line": 91}, "render_pr_review": {"executed_lines": [], "summary": {"covered_lines": 0, "num_statements": 6, "percent_covered": 0.0, "percent_covered_display": "0", "missing_lines": 6, "excluded_lines": 0, "percent_statements_covered": 0.0, "percent_statements_covered_display": "0"}, "missing_lines": [96, 97, 98, 100, 101, 102], "excluded_lines": [], "start_line": 95}, "": {"executed_lines": [3, 4, 5, 8, 17, 54, 59, 64, 72, 87, 91, 95], "summary": {"covered_lines": 12, "num_statements": 12, "percent_covered": 100.0, "percent_covered_display": "100", "missing_lines": 0, "excluded_lines": 0, "percent_statements_covered": 100.0, "percent_statements_covered_display": "100"}, "missing_lines": [], "excluded_lines": [], "start_line": 1}}, "classes": {"": {"executed_lines": [3, 4, 5, 8, 17, 54, 59, 64, 72, 87, 91, 95], "summary": {"covered_lines": 12, "num_statements": 65, "percent_covered": 18.46153846153846, "percent_covered_display": "18", "missing_lines": 53, "excluded_lines": 0, "percent_statements_covered": 18.46153846153846, "percent_statements_covered_display": "18"}, "missing_lines": [9, 10, 11, 12, 18, 20, 26, 27, 28, 30, 33, 35, 36, 37, 38, 39, 40, 41, 42, 43, 44, 45, 46, 48, 49, 50, 51, 55, 56, 60, 61, 65, 66, 67, 68, 69, 74, 75, 76, 77, 78, 80, 81, 82, 84, 88, 92, 96, 97, 98, 100, 101, 102], "excluded_lines": [], "start_line": 1}}}, "src/vibe3/ui/task_ui.py": {"executed_lines": [3, 4, 7, 14, 18], "summary": {"covered_lines": 5, "num_statements": 17, "percent_covered": 29.41176470588235, "percent_covered_display": "29", "missing_lines": 12, "excluded_lines": 0, "percent_statements_covered": 29.41176470588235, "percent_statements_covered_display": "29"}, "missing_lines": [8, 9, 10, 11, 15, 19, 20, 21, 22, 23, 24, 25], "excluded_lines": [], "functions": {"render_issue_linked": {"executed_lines": [], "summary": {"covered_lines": 0, "num_statements": 4, "percent_covered": 0.0, "percent_covered_display": "0", "missing_lines": 4, "excluded_lines": 0, "percent_statements_covered": 0.0, "percent_statements_covered_display": "0"}, "missing_lines": [8, 9, 10, 11], "excluded_lines": [], "start_line": 7}, "render_no_active_task": {"executed_lines": [], "summary": {"covered_lines": 0, "num_statements": 1, "percent_covered": 0.0, "percent_covered_display": "0", "missing_lines": 1, "excluded_lines": 0, "percent_statements_covered": 0.0, "percent_statements_covered_display": "0"}, "missing_lines": [15], "excluded_lines": [], "start_line": 14}, "render_task_details": {"executed_lines": [], "summary": {"covered_lines": 0, "num_statements": 7, "percent_covered": 0.0, "percent_covered_display": "0", "missing_lines": 7, "excluded_lines": 0, "percent_statements_covered": 0.0, "percent_statements_covered_display": "0"}, "missing_lines": [19, 20, 21, 22, 23, 24, 25], "excluded_lines": [], "start_line": 18}, "": {"executed_lines": [3, 4, 7, 14, 18], "summary": {"covered_lines": 5, "num_statements": 5, "percent_covered": 100.0, "percent_covered_display": "100", "missing_lines": 0, "excluded_lines": 0, "percent_statements_covered": 100.0, "percent_statements_covered_display": "100"}, "missing_lines": [], "excluded_lines": [], "start_line": 1}}, "classes": {"": {"executed_lines": [3, 4, 7, 14, 18], "summary": {"covered_lines": 5, "num_statements": 17, "percent_covered": 29.41176470588235, "percent_covered_display": "29", "missing_lines": 12, "excluded_lines": 0, "percent_statements_covered": 29.41176470588235, "percent_statements_covered_display": "29"}, "missing_lines": [8, 9, 10, 11, 15, 19, 20, 21, 22, 23, 24, 25], "excluded_lines": [], "start_line": 1}}}}, "totals": {"covered_lines": 1505, "num_statements": 2640, "percent_covered": 57.00757575757576, "percent_covered_display": "57", "missing_lines": 1135, "excluded_lines": 49, "percent_statements_covered": 57.00757575757576, "percent_statements_covered_display": "57"}}